The system is: Darwin - 21.6.0 - x86_64
Compiling the C compiler identification source file "CMakeCCompilerId.c" succeeded.
Compiler: /usr/local/Cellar/gcc/13.1.0/bin/gcc-13 
Build flags: 
Id flags:  

The output was:
0


Compilation of the C compiler identification source "CMakeCCompilerId.c" produced "a.out"

The C compiler identification is GNU, found in "/Users/oliver/ClionProjects/testing/cmake-build-debug/CMakeFiles/3.25.2/CompilerIdC/a.out"

Compiling the CXX compiler identification source file "CMakeCXXCompilerId.cpp" succeeded.
Compiler: /usr/local/Cellar/gcc/13.1.0/bin/g++-13 
Build flags: 
Id flags:  

The output was:
0


Compilation of the CXX compiler identification source "CMakeCXXCompilerId.cpp" produced "a.out"

The CXX compiler identification is GNU, found in "/Users/oliver/ClionProjects/testing/cmake-build-debug/CMakeFiles/3.25.2/CompilerIdCXX/a.out"

Detecting C compiler ABI info compiled with the following output:
Change Dir: /Users/oliver/ClionProjects/testing/cmake-build-debug/CMakeFiles/CMakeScratch/TryCompile-5A1CDo

Run Build Command(s):/Applications/CLion.app/Contents/bin/ninja/mac/ninja cmTC_825e9 && [1/2] Building C object CMakeFiles/cmTC_825e9.dir/CMakeCCompilerABI.c.o
Using built-in specs.
COLLECT_GCC=/usr/local/Cellar/gcc/13.1.0/bin/gcc-13
Target: x86_64-apple-darwin21
Configured with: ../configure --prefix=/usr/local/opt/gcc --libdir=/usr/local/opt/gcc/lib/gcc/current --disable-nls --enable-checking=release --with-gcc-major-version-only --enable-languages=c,c++,objc,obj-c++,fortran --program-suffix=-13 --with-gmp=/usr/local/opt/gmp --with-mpfr=/usr/local/opt/mpfr --with-mpc=/usr/local/opt/libmpc --with-isl=/usr/local/opt/isl --with-zstd=/usr/local/opt/zstd --with-pkgversion='Homebrew GCC 13.1.0' --with-bugurl=https://github.com/Homebrew/homebrew-core/issues --with-system-zlib --build=x86_64-apple-darwin21 --with-sysroot=/Library/Developer/CommandLineTools/SDKs/MacOSX12.sdk
Thread model: posix
Supported LTO compression algorithms: zlib zstd
gcc version 13.1.0 (Homebrew GCC 13.1.0) 
COLLECT_GCC_OPTIONS='-fdiagnostics-color=always' '-isysroot' '/Library/Developer/CommandLineTools/SDKs/MacOSX12.3.sdk' '-v' '-o' 'CMakeFiles/cmTC_825e9.dir/CMakeCCompilerABI.c.o' '-c' '-mmacosx-version-min=12.0.0' '-asm_macosx_version_min=12.0' '-nodefaultexport' '-mtune=core2' '-dumpdir' 'CMakeFiles/cmTC_825e9.dir/'
 /usr/local/Cellar/gcc/13.1.0/bin/../libexec/gcc/x86_64-apple-darwin21/13/cc1 -quiet -v -iprefix /usr/local/Cellar/gcc/13.1.0/bin/../lib/gcc/current/gcc/x86_64-apple-darwin21/13/ -D__DYNAMIC__ -isysroot /Library/Developer/CommandLineTools/SDKs/MacOSX12.3.sdk /Applications/CLion.app/Contents/bin/cmake/mac/share/cmake-3.25/Modules/CMakeCCompilerABI.c -fPIC -quiet -dumpdir CMakeFiles/cmTC_825e9.dir/ -dumpbase CMakeCCompilerABI.c.c -dumpbase-ext .c -mmacosx-version-min=12.0.0 -mtune=core2 -version -fdiagnostics-color=always -o /var/folders/w0/w6w9j9893c5082fg64y5ytjw0000gn/T//ccITX1iB.s
GNU C17 (Homebrew GCC 13.1.0) version 13.1.0 (x86_64-apple-darwin21)
	compiled by GNU C version 13.1.0, GMP version 6.2.1, MPFR version 4.2.0-p4, MPC version 1.3.1, isl version isl-0.26-GMP

warning: MPFR header version 4.2.0-p4 differs from library version 4.2.0-p12.
GGC heuristics: --param ggc-min-expand=100 --param ggc-min-heapsize=131072
ignoring duplicate directory "/usr/local/include/"
ignoring nonexistent directory "/usr/local/Cellar/gcc/13.1.0/bin/../lib/gcc/current/gcc/x86_64-apple-darwin21/13/../../../../../../x86_64-apple-darwin21/include"
ignoring duplicate directory "/usr/local/Cellar/gcc/13.1.0/bin/../lib/gcc/current/gcc/../../../../lib/gcc/current/gcc/x86_64-apple-darwin21/13/include"
ignoring nonexistent directory "/Library/Developer/CommandLineTools/SDKs/MacOSX12.3.sdk/usr/local/include"
ignoring duplicate directory "/usr/local/Cellar/gcc/13.1.0/bin/../lib/gcc/current/gcc/../../../../lib/gcc/current/gcc/x86_64-apple-darwin21/13/include-fixed"
ignoring nonexistent directory "/usr/local/Cellar/gcc/13.1.0/bin/../lib/gcc/current/gcc/../../../../lib/gcc/current/gcc/x86_64-apple-darwin21/13/../../../../../../x86_64-apple-darwin21/include"
ignoring nonexistent directory "/Library/Developer/CommandLineTools/SDKs/MacOSX12.3.sdk/Library/Frameworks"
#include "..." search starts here:
#include <...> search starts here:
 /Users/oliver/
 /usr/local/include/
 .
 /usr/local/Cellar/gcc/13.1.0/bin/../lib/gcc/current/gcc/x86_64-apple-darwin21/13/include
 /usr/local/Cellar/gcc/13.1.0/bin/../lib/gcc/current/gcc/x86_64-apple-darwin21/13/include-fixed
 /Library/Developer/CommandLineTools/SDKs/MacOSX12.3.sdk/usr/include
 /Library/Developer/CommandLineTools/SDKs/MacOSX12.3.sdk/System/Library/Frameworks
End of search list.
Compiler executable checksum: fb2cf81e34958361d73b079986394d6d
COLLECT_GCC_OPTIONS='-fdiagnostics-color=always' '-isysroot' '/Library/Developer/CommandLineTools/SDKs/MacOSX12.3.sdk' '-v' '-o' 'CMakeFiles/cmTC_825e9.dir/CMakeCCompilerABI.c.o' '-c' '-mmacosx-version-min=12.0.0'  '-nodefaultexport' '-mtune=core2' '-dumpdir' 'CMakeFiles/cmTC_825e9.dir/'
 as -arch x86_64 -v -mmacosx-version-min=12.0 -mllvm -x86-pad-for-align=false -force_cpusubtype_ALL -o CMakeFiles/cmTC_825e9.dir/CMakeCCompilerABI.c.o /var/folders/w0/w6w9j9893c5082fg64y5ytjw0000gn/T//ccITX1iB.s
Apple clang version 14.0.0 (clang-1400.0.29.102)
Target: x86_64-apple-darwin21.6.0
Thread model: posix
InstalledDir: /Library/Developer/CommandLineTools/usr/bin
 "/Library/Developer/CommandLineTools/usr/bin/clang" -cc1as -triple x86_64-apple-macosx12.0.0 -filetype obj -main-file-name ccITX1iB.s -target-cpu penryn -fdebug-compilation-dir=/Users/oliver/ClionProjects/testing/cmake-build-debug/CMakeFiles/CMakeScratch/TryCompile-5A1CDo -dwarf-debug-producer "Apple clang version 14.0.0 (clang-1400.0.29.102)" -dwarf-version=4 -mrelocation-model pic --mrelax-relocations -mllvm -x86-pad-for-align=false -mllvm -disable-aligned-alloc-awareness=1 -o CMakeFiles/cmTC_825e9.dir/CMakeCCompilerABI.c.o /var/folders/w0/w6w9j9893c5082fg64y5ytjw0000gn/T//ccITX1iB.s
COMPILER_PATH=/usr/local/Cellar/gcc/13.1.0/bin/../libexec/gcc/x86_64-apple-darwin21/13/:/usr/local/Cellar/gcc/13.1.0/bin/../libexec/gcc/
LIBRARY_PATH=/usr/local/Cellar/gcc/13.1.0/bin/../lib/gcc/current/gcc/x86_64-apple-darwin21/13/:/usr/local/Cellar/gcc/13.1.0/bin/../lib/gcc/current/gcc/:/Users/oliver/cdflib/:/usr/local/lib/:/usr/local/lib/:/usr/local/lib/:./:/usr/local/Cellar/gcc/13.1.0/bin/../lib/gcc/current/gcc/x86_64-apple-darwin21/13/../../../
COLLECT_GCC_OPTIONS='-fdiagnostics-color=always' '-isysroot' '/Library/Developer/CommandLineTools/SDKs/MacOSX12.3.sdk' '-v' '-o' 'CMakeFiles/cmTC_825e9.dir/CMakeCCompilerABI.c.o' '-c' '-mmacosx-version-min=12.0.0'  '-nodefaultexport' '-mtune=core2' '-dumpdir' 'CMakeFiles/cmTC_825e9.dir/CMakeCCompilerABI.c.'
[2/2] Linking C executable cmTC_825e9
Using built-in specs.
COLLECT_GCC=/usr/local/Cellar/gcc/13.1.0/bin/gcc-13
COLLECT_LTO_WRAPPER=/usr/local/Cellar/gcc/13.1.0/bin/../libexec/gcc/x86_64-apple-darwin21/13/lto-wrapper
Target: x86_64-apple-darwin21
Configured with: ../configure --prefix=/usr/local/opt/gcc --libdir=/usr/local/opt/gcc/lib/gcc/current --disable-nls --enable-checking=release --with-gcc-major-version-only --enable-languages=c,c++,objc,obj-c++,fortran --program-suffix=-13 --with-gmp=/usr/local/opt/gmp --with-mpfr=/usr/local/opt/mpfr --with-mpc=/usr/local/opt/libmpc --with-isl=/usr/local/opt/isl --with-zstd=/usr/local/opt/zstd --with-pkgversion='Homebrew GCC 13.1.0' --with-bugurl=https://github.com/Homebrew/homebrew-core/issues --with-system-zlib --build=x86_64-apple-darwin21 --with-sysroot=/Library/Developer/CommandLineTools/SDKs/MacOSX12.sdk
Thread model: posix
Supported LTO compression algorithms: zlib zstd
gcc version 13.1.0 (Homebrew GCC 13.1.0) 
COMPILER_PATH=/usr/local/Cellar/gcc/13.1.0/bin/../libexec/gcc/x86_64-apple-darwin21/13/:/usr/local/Cellar/gcc/13.1.0/bin/../libexec/gcc/
LIBRARY_PATH=/usr/local/Cellar/gcc/13.1.0/bin/../lib/gcc/current/gcc/x86_64-apple-darwin21/13/:/usr/local/Cellar/gcc/13.1.0/bin/../lib/gcc/current/gcc/:/Users/oliver/cdflib/:/usr/local/lib/:/usr/local/lib/:/usr/local/lib/:./:/usr/local/Cellar/gcc/13.1.0/bin/../lib/gcc/current/gcc/x86_64-apple-darwin21/13/../../../
COLLECT_GCC_OPTIONS='-isysroot' '/Library/Developer/CommandLineTools/SDKs/MacOSX12.3.sdk' '-L/usr/local/opt/llvm/lib' '-v' '-o' 'cmTC_825e9' '-mmacosx-version-min=12.0.0' '-asm_macosx_version_min=12.0' '-nodefaultexport' '-mtune=core2' '-dumpdir' 'cmTC_825e9.'
 /usr/local/Cellar/gcc/13.1.0/bin/../libexec/gcc/x86_64-apple-darwin21/13/collect2 -dynamic -arch x86_64 -syslibroot /Library/Developer/CommandLineTools/SDKs/MacOSX12.3.sdk -macosx_version_min 12.0.0 -o cmTC_825e9 -L/usr/local/opt/llvm/lib -L/usr/local/Cellar/gcc/13.1.0/bin/../lib/gcc/current/gcc/x86_64-apple-darwin21/13 -L/usr/local/Cellar/gcc/13.1.0/bin/../lib/gcc/current/gcc -L/Users/oliver/cdflib -L/usr/local/lib -L/usr/local/lib -L/usr/local/lib -L. -L/usr/local/Cellar/gcc/13.1.0/bin/../lib/gcc/current/gcc/x86_64-apple-darwin21/13/../../.. -search_paths_first -headerpad_max_install_names -v CMakeFiles/cmTC_825e9.dir/CMakeCCompilerABI.c.o -lemutls_w -lgcc -lSystem -no_compact_unwind -rpath @loader_path -rpath /usr/local/Cellar/gcc/13.1.0/lib/gcc/current/gcc/x86_64-apple-darwin21/13 -rpath /usr/local/Cellar/gcc/13.1.0/lib/gcc/current/gcc -rpath /Users/oliver/cdflib -rpath /usr/local/lib -rpath /usr/local/lib -rpath /usr/local/lib -rpath /Users/oliver/ClionProjects/testing/cmake-build-debug/CMakeFiles/CMakeScratch/TryCompile-5A1CDo -rpath /usr/local/Cellar/gcc/13.1.0/lib/gcc/current
collect2 version 13.1.0
/usr/bin/ld -dynamic -arch x86_64 -syslibroot /Library/Developer/CommandLineTools/SDKs/MacOSX12.3.sdk -macosx_version_min 12.0.0 -o cmTC_825e9 -L/usr/local/opt/llvm/lib -L/usr/local/Cellar/gcc/13.1.0/bin/../lib/gcc/current/gcc/x86_64-apple-darwin21/13 -L/usr/local/Cellar/gcc/13.1.0/bin/../lib/gcc/current/gcc -L/Users/oliver/cdflib -L/usr/local/lib -L/usr/local/lib -L/usr/local/lib -L. -L/usr/local/Cellar/gcc/13.1.0/bin/../lib/gcc/current/gcc/x86_64-apple-darwin21/13/../../.. -search_paths_first -headerpad_max_install_names -v CMakeFiles/cmTC_825e9.dir/CMakeCCompilerABI.c.o -lemutls_w -lgcc -lSystem -no_compact_unwind -rpath @loader_path -rpath /usr/local/Cellar/gcc/13.1.0/lib/gcc/current/gcc/x86_64-apple-darwin21/13 -rpath /usr/local/Cellar/gcc/13.1.0/lib/gcc/current/gcc -rpath /Users/oliver/cdflib -rpath /usr/local/lib -rpath /usr/local/lib -rpath /usr/local/lib -rpath /Users/oliver/ClionProjects/testing/cmake-build-debug/CMakeFiles/CMakeScratch/TryCompile-5A1CDo -rpath /usr/local/Cellar/gcc/13.1.0/lib/gcc/current
@(#)PROGRAM:ld  PROJECT:ld64-819.6
BUILD 14:58:37 Aug  5 2022
configured to support archs: armv6 armv7 armv7s arm64 arm64e arm64_32 i386 x86_64 x86_64h armv6m armv7k armv7m armv7em
Library search paths:
	/usr/local/opt/llvm/lib
	/usr/local/Cellar/gcc/13.1.0/lib/gcc/current/gcc/x86_64-apple-darwin21/13
	/usr/local/Cellar/gcc/13.1.0/lib/gcc/current/gcc
	/Users/oliver/cdflib
	/usr/local/lib
	/usr/local/lib
	/usr/local/lib
	.
	/usr/local/Cellar/gcc/13.1.0/lib/gcc/current
	/Library/Developer/CommandLineTools/SDKs/MacOSX12.3.sdk/usr/lib
Framework search paths:
	/Library/Developer/CommandLineTools/SDKs/MacOSX12.3.sdk/System/Library/Frameworks/



Parsed C implicit include dir info from above output: rv=done
  found start of include info
  found start of implicit include info
    add: [/Users/oliver/]
    add: [/usr/local/include/]
    add: [.]
    add: [/usr/local/Cellar/gcc/13.1.0/bin/../lib/gcc/current/gcc/x86_64-apple-darwin21/13/include]
    add: [/usr/local/Cellar/gcc/13.1.0/bin/../lib/gcc/current/gcc/x86_64-apple-darwin21/13/include-fixed]
    add: [/Library/Developer/CommandLineTools/SDKs/MacOSX12.3.sdk/usr/include]
    add: [/Library/Developer/CommandLineTools/SDKs/MacOSX12.3.sdk/System/Library/Frameworks]
  end of search list found
  collapse include dir [/Users/oliver/] ==> [/Users/oliver]
  collapse include dir [/usr/local/include/] ==> [/usr/local/include]
  skipping relative include dir [.]
  collapse include dir [/usr/local/Cellar/gcc/13.1.0/bin/../lib/gcc/current/gcc/x86_64-apple-darwin21/13/include] ==> [/usr/local/Cellar/gcc/13.1.0/lib/gcc/current/gcc/x86_64-apple-darwin21/13/include]
  collapse include dir [/usr/local/Cellar/gcc/13.1.0/bin/../lib/gcc/current/gcc/x86_64-apple-darwin21/13/include-fixed] ==> [/usr/local/Cellar/gcc/13.1.0/lib/gcc/current/gcc/x86_64-apple-darwin21/13/include-fixed]
  collapse include dir [/Library/Developer/CommandLineTools/SDKs/MacOSX12.3.sdk/usr/include] ==> [/Library/Developer/CommandLineTools/SDKs/MacOSX12.3.sdk/usr/include]
  collapse include dir [/Library/Developer/CommandLineTools/SDKs/MacOSX12.3.sdk/System/Library/Frameworks] ==> [/Library/Developer/CommandLineTools/SDKs/MacOSX12.3.sdk/System/Library/Frameworks]
  implicit include dirs: [/Users/oliver;/usr/local/include;/usr/local/Cellar/gcc/13.1.0/lib/gcc/current/gcc/x86_64-apple-darwin21/13/include;/usr/local/Cellar/gcc/13.1.0/lib/gcc/current/gcc/x86_64-apple-darwin21/13/include-fixed;/Library/Developer/CommandLineTools/SDKs/MacOSX12.3.sdk/usr/include;/Library/Developer/CommandLineTools/SDKs/MacOSX12.3.sdk/System/Library/Frameworks]


Parsed C implicit link information from above output:
  link line regex: [^( *|.*[/\])(ld|CMAKE_LINK_STARTFILE-NOTFOUND|([^/\]+-)?ld|collect2)[^/\]*( |$)]
  ignore line: [Change Dir: /Users/oliver/ClionProjects/testing/cmake-build-debug/CMakeFiles/CMakeScratch/TryCompile-5A1CDo]
  ignore line: []
  ignore line: [Run Build Command(s):/Applications/CLion.app/Contents/bin/ninja/mac/ninja cmTC_825e9 && [1/2] Building C object CMakeFiles/cmTC_825e9.dir/CMakeCCompilerABI.c.o]
  ignore line: [Using built-in specs.]
  ignore line: [COLLECT_GCC=/usr/local/Cellar/gcc/13.1.0/bin/gcc-13]
  ignore line: [Target: x86_64-apple-darwin21]
  ignore line: [Configured with: ../configure --prefix=/usr/local/opt/gcc --libdir=/usr/local/opt/gcc/lib/gcc/current --disable-nls --enable-checking=release --with-gcc-major-version-only --enable-languages=c c++ objc obj-c++ fortran --program-suffix=-13 --with-gmp=/usr/local/opt/gmp --with-mpfr=/usr/local/opt/mpfr --with-mpc=/usr/local/opt/libmpc --with-isl=/usr/local/opt/isl --with-zstd=/usr/local/opt/zstd --with-pkgversion='Homebrew GCC 13.1.0' --with-bugurl=https://github.com/Homebrew/homebrew-core/issues --with-system-zlib --build=x86_64-apple-darwin21 --with-sysroot=/Library/Developer/CommandLineTools/SDKs/MacOSX12.sdk]
  ignore line: [Thread model: posix]
  ignore line: [Supported LTO compression algorithms: zlib zstd]
  ignore line: [gcc version 13.1.0 (Homebrew GCC 13.1.0) ]
  ignore line: [COLLECT_GCC_OPTIONS='-fdiagnostics-color=always' '-isysroot' '/Library/Developer/CommandLineTools/SDKs/MacOSX12.3.sdk' '-v' '-o' 'CMakeFiles/cmTC_825e9.dir/CMakeCCompilerABI.c.o' '-c' '-mmacosx-version-min=12.0.0' '-asm_macosx_version_min=12.0' '-nodefaultexport' '-mtune=core2' '-dumpdir' 'CMakeFiles/cmTC_825e9.dir/']
  ignore line: [ /usr/local/Cellar/gcc/13.1.0/bin/../libexec/gcc/x86_64-apple-darwin21/13/cc1 -quiet -v -iprefix /usr/local/Cellar/gcc/13.1.0/bin/../lib/gcc/current/gcc/x86_64-apple-darwin21/13/ -D__DYNAMIC__ -isysroot /Library/Developer/CommandLineTools/SDKs/MacOSX12.3.sdk /Applications/CLion.app/Contents/bin/cmake/mac/share/cmake-3.25/Modules/CMakeCCompilerABI.c -fPIC -quiet -dumpdir CMakeFiles/cmTC_825e9.dir/ -dumpbase CMakeCCompilerABI.c.c -dumpbase-ext .c -mmacosx-version-min=12.0.0 -mtune=core2 -version -fdiagnostics-color=always -o /var/folders/w0/w6w9j9893c5082fg64y5ytjw0000gn/T//ccITX1iB.s]
  ignore line: [GNU C17 (Homebrew GCC 13.1.0) version 13.1.0 (x86_64-apple-darwin21)]
  ignore line: [	compiled by GNU C version 13.1.0  GMP version 6.2.1  MPFR version 4.2.0-p4  MPC version 1.3.1  isl version isl-0.26-GMP]
  ignore line: []
  ignore line: [warning: MPFR header version 4.2.0-p4 differs from library version 4.2.0-p12.]
  ignore line: [GGC heuristics: --param ggc-min-expand=100 --param ggc-min-heapsize=131072]
  ignore line: [ignoring duplicate directory "/usr/local/include/"]
  ignore line: [ignoring nonexistent directory "/usr/local/Cellar/gcc/13.1.0/bin/../lib/gcc/current/gcc/x86_64-apple-darwin21/13/../../../../../../x86_64-apple-darwin21/include"]
  ignore line: [ignoring duplicate directory "/usr/local/Cellar/gcc/13.1.0/bin/../lib/gcc/current/gcc/../../../../lib/gcc/current/gcc/x86_64-apple-darwin21/13/include"]
  ignore line: [ignoring nonexistent directory "/Library/Developer/CommandLineTools/SDKs/MacOSX12.3.sdk/usr/local/include"]
  ignore line: [ignoring duplicate directory "/usr/local/Cellar/gcc/13.1.0/bin/../lib/gcc/current/gcc/../../../../lib/gcc/current/gcc/x86_64-apple-darwin21/13/include-fixed"]
  ignore line: [ignoring nonexistent directory "/usr/local/Cellar/gcc/13.1.0/bin/../lib/gcc/current/gcc/../../../../lib/gcc/current/gcc/x86_64-apple-darwin21/13/../../../../../../x86_64-apple-darwin21/include"]
  ignore line: [ignoring nonexistent directory "/Library/Developer/CommandLineTools/SDKs/MacOSX12.3.sdk/Library/Frameworks"]
  ignore line: [#include "..." search starts here:]
  ignore line: [#include <...> search starts here:]
  ignore line: [ /Users/oliver/]
  ignore line: [ /usr/local/include/]
  ignore line: [ .]
  ignore line: [ /usr/local/Cellar/gcc/13.1.0/bin/../lib/gcc/current/gcc/x86_64-apple-darwin21/13/include]
  ignore line: [ /usr/local/Cellar/gcc/13.1.0/bin/../lib/gcc/current/gcc/x86_64-apple-darwin21/13/include-fixed]
  ignore line: [ /Library/Developer/CommandLineTools/SDKs/MacOSX12.3.sdk/usr/include]
  ignore line: [ /Library/Developer/CommandLineTools/SDKs/MacOSX12.3.sdk/System/Library/Frameworks]
  ignore line: [End of search list.]
  ignore line: [Compiler executable checksum: fb2cf81e34958361d73b079986394d6d]
  ignore line: [COLLECT_GCC_OPTIONS='-fdiagnostics-color=always' '-isysroot' '/Library/Developer/CommandLineTools/SDKs/MacOSX12.3.sdk' '-v' '-o' 'CMakeFiles/cmTC_825e9.dir/CMakeCCompilerABI.c.o' '-c' '-mmacosx-version-min=12.0.0'  '-nodefaultexport' '-mtune=core2' '-dumpdir' 'CMakeFiles/cmTC_825e9.dir/']
  ignore line: [ as -arch x86_64 -v -mmacosx-version-min=12.0 -mllvm -x86-pad-for-align=false -force_cpusubtype_ALL -o CMakeFiles/cmTC_825e9.dir/CMakeCCompilerABI.c.o /var/folders/w0/w6w9j9893c5082fg64y5ytjw0000gn/T//ccITX1iB.s]
  ignore line: [Apple clang version 14.0.0 (clang-1400.0.29.102)]
  ignore line: [Target: x86_64-apple-darwin21.6.0]
  ignore line: [Thread model: posix]
  ignore line: [InstalledDir: /Library/Developer/CommandLineTools/usr/bin]
  ignore line: [ "/Library/Developer/CommandLineTools/usr/bin/clang" -cc1as -triple x86_64-apple-macosx12.0.0 -filetype obj -main-file-name ccITX1iB.s -target-cpu penryn -fdebug-compilation-dir=/Users/oliver/ClionProjects/testing/cmake-build-debug/CMakeFiles/CMakeScratch/TryCompile-5A1CDo -dwarf-debug-producer "Apple clang version 14.0.0 (clang-1400.0.29.102)" -dwarf-version=4 -mrelocation-model pic --mrelax-relocations -mllvm -x86-pad-for-align=false -mllvm -disable-aligned-alloc-awareness=1 -o CMakeFiles/cmTC_825e9.dir/CMakeCCompilerABI.c.o /var/folders/w0/w6w9j9893c5082fg64y5ytjw0000gn/T//ccITX1iB.s]
  ignore line: [COMPILER_PATH=/usr/local/Cellar/gcc/13.1.0/bin/../libexec/gcc/x86_64-apple-darwin21/13/:/usr/local/Cellar/gcc/13.1.0/bin/../libexec/gcc/]
  ignore line: [LIBRARY_PATH=/usr/local/Cellar/gcc/13.1.0/bin/../lib/gcc/current/gcc/x86_64-apple-darwin21/13/:/usr/local/Cellar/gcc/13.1.0/bin/../lib/gcc/current/gcc/:/Users/oliver/cdflib/:/usr/local/lib/:/usr/local/lib/:/usr/local/lib/:./:/usr/local/Cellar/gcc/13.1.0/bin/../lib/gcc/current/gcc/x86_64-apple-darwin21/13/../../../]
  ignore line: [COLLECT_GCC_OPTIONS='-fdiagnostics-color=always' '-isysroot' '/Library/Developer/CommandLineTools/SDKs/MacOSX12.3.sdk' '-v' '-o' 'CMakeFiles/cmTC_825e9.dir/CMakeCCompilerABI.c.o' '-c' '-mmacosx-version-min=12.0.0'  '-nodefaultexport' '-mtune=core2' '-dumpdir' 'CMakeFiles/cmTC_825e9.dir/CMakeCCompilerABI.c.']
  ignore line: [[2/2] Linking C executable cmTC_825e9]
  ignore line: [Using built-in specs.]
  ignore line: [COLLECT_GCC=/usr/local/Cellar/gcc/13.1.0/bin/gcc-13]
  ignore line: [COLLECT_LTO_WRAPPER=/usr/local/Cellar/gcc/13.1.0/bin/../libexec/gcc/x86_64-apple-darwin21/13/lto-wrapper]
  ignore line: [Target: x86_64-apple-darwin21]
  ignore line: [Configured with: ../configure --prefix=/usr/local/opt/gcc --libdir=/usr/local/opt/gcc/lib/gcc/current --disable-nls --enable-checking=release --with-gcc-major-version-only --enable-languages=c c++ objc obj-c++ fortran --program-suffix=-13 --with-gmp=/usr/local/opt/gmp --with-mpfr=/usr/local/opt/mpfr --with-mpc=/usr/local/opt/libmpc --with-isl=/usr/local/opt/isl --with-zstd=/usr/local/opt/zstd --with-pkgversion='Homebrew GCC 13.1.0' --with-bugurl=https://github.com/Homebrew/homebrew-core/issues --with-system-zlib --build=x86_64-apple-darwin21 --with-sysroot=/Library/Developer/CommandLineTools/SDKs/MacOSX12.sdk]
  ignore line: [Thread model: posix]
  ignore line: [Supported LTO compression algorithms: zlib zstd]
  ignore line: [gcc version 13.1.0 (Homebrew GCC 13.1.0) ]
  ignore line: [COMPILER_PATH=/usr/local/Cellar/gcc/13.1.0/bin/../libexec/gcc/x86_64-apple-darwin21/13/:/usr/local/Cellar/gcc/13.1.0/bin/../libexec/gcc/]
  ignore line: [LIBRARY_PATH=/usr/local/Cellar/gcc/13.1.0/bin/../lib/gcc/current/gcc/x86_64-apple-darwin21/13/:/usr/local/Cellar/gcc/13.1.0/bin/../lib/gcc/current/gcc/:/Users/oliver/cdflib/:/usr/local/lib/:/usr/local/lib/:/usr/local/lib/:./:/usr/local/Cellar/gcc/13.1.0/bin/../lib/gcc/current/gcc/x86_64-apple-darwin21/13/../../../]
  ignore line: [COLLECT_GCC_OPTIONS='-isysroot' '/Library/Developer/CommandLineTools/SDKs/MacOSX12.3.sdk' '-L/usr/local/opt/llvm/lib' '-v' '-o' 'cmTC_825e9' '-mmacosx-version-min=12.0.0' '-asm_macosx_version_min=12.0' '-nodefaultexport' '-mtune=core2' '-dumpdir' 'cmTC_825e9.']
  link line: [ /usr/local/Cellar/gcc/13.1.0/bin/../libexec/gcc/x86_64-apple-darwin21/13/collect2 -dynamic -arch x86_64 -syslibroot /Library/Developer/CommandLineTools/SDKs/MacOSX12.3.sdk -macosx_version_min 12.0.0 -o cmTC_825e9 -L/usr/local/opt/llvm/lib -L/usr/local/Cellar/gcc/13.1.0/bin/../lib/gcc/current/gcc/x86_64-apple-darwin21/13 -L/usr/local/Cellar/gcc/13.1.0/bin/../lib/gcc/current/gcc -L/Users/oliver/cdflib -L/usr/local/lib -L/usr/local/lib -L/usr/local/lib -L. -L/usr/local/Cellar/gcc/13.1.0/bin/../lib/gcc/current/gcc/x86_64-apple-darwin21/13/../../.. -search_paths_first -headerpad_max_install_names -v CMakeFiles/cmTC_825e9.dir/CMakeCCompilerABI.c.o -lemutls_w -lgcc -lSystem -no_compact_unwind -rpath @loader_path -rpath /usr/local/Cellar/gcc/13.1.0/lib/gcc/current/gcc/x86_64-apple-darwin21/13 -rpath /usr/local/Cellar/gcc/13.1.0/lib/gcc/current/gcc -rpath /Users/oliver/cdflib -rpath /usr/local/lib -rpath /usr/local/lib -rpath /usr/local/lib -rpath /Users/oliver/ClionProjects/testing/cmake-build-debug/CMakeFiles/CMakeScratch/TryCompile-5A1CDo -rpath /usr/local/Cellar/gcc/13.1.0/lib/gcc/current]
    arg [/usr/local/Cellar/gcc/13.1.0/bin/../libexec/gcc/x86_64-apple-darwin21/13/collect2] ==> ignore
    arg [-dynamic] ==> ignore
    arg [-arch] ==> ignore
    arg [x86_64] ==> ignore
    arg [-syslibroot] ==> ignore
    arg [/Library/Developer/CommandLineTools/SDKs/MacOSX12.3.sdk] ==> ignore
    arg [-macosx_version_min] ==> ignore
    arg [12.0.0] ==> ignore
    arg [-o] ==> ignore
    arg [cmTC_825e9] ==> ignore
    arg [-L/usr/local/opt/llvm/lib] ==> dir [/usr/local/opt/llvm/lib]
    arg [-L/usr/local/Cellar/gcc/13.1.0/bin/../lib/gcc/current/gcc/x86_64-apple-darwin21/13] ==> dir [/usr/local/Cellar/gcc/13.1.0/bin/../lib/gcc/current/gcc/x86_64-apple-darwin21/13]
    arg [-L/usr/local/Cellar/gcc/13.1.0/bin/../lib/gcc/current/gcc] ==> dir [/usr/local/Cellar/gcc/13.1.0/bin/../lib/gcc/current/gcc]
    arg [-L/Users/oliver/cdflib] ==> dir [/Users/oliver/cdflib]
    arg [-L/usr/local/lib] ==> dir [/usr/local/lib]
    arg [-L/usr/local/lib] ==> dir [/usr/local/lib]
    arg [-L/usr/local/lib] ==> dir [/usr/local/lib]
    arg [-L.] ==> ignore
    arg [-L/usr/local/Cellar/gcc/13.1.0/bin/../lib/gcc/current/gcc/x86_64-apple-darwin21/13/../../..] ==> dir [/usr/local/Cellar/gcc/13.1.0/bin/../lib/gcc/current/gcc/x86_64-apple-darwin21/13/../../..]
    arg [-search_paths_first] ==> ignore
    arg [-headerpad_max_install_names] ==> ignore
    arg [-v] ==> ignore
    arg [CMakeFiles/cmTC_825e9.dir/CMakeCCompilerABI.c.o] ==> ignore
    arg [-lemutls_w] ==> lib [emutls_w]
    arg [-lgcc] ==> lib [gcc]
    arg [-lSystem] ==> lib [System]
    arg [-no_compact_unwind] ==> ignore
    arg [-rpath] ==> ignore
    arg [@loader_path] ==> ignore
    arg [-rpath] ==> ignore
    arg [/usr/local/Cellar/gcc/13.1.0/lib/gcc/current/gcc/x86_64-apple-darwin21/13] ==> ignore
    arg [-rpath] ==> ignore
    arg [/usr/local/Cellar/gcc/13.1.0/lib/gcc/current/gcc] ==> ignore
    arg [-rpath] ==> ignore
    arg [/Users/oliver/cdflib] ==> ignore
    arg [-rpath] ==> ignore
    arg [/usr/local/lib] ==> ignore
    arg [-rpath] ==> ignore
    arg [/usr/local/lib] ==> ignore
    arg [-rpath] ==> ignore
    arg [/usr/local/lib] ==> ignore
    arg [-rpath] ==> ignore
    arg [/Users/oliver/ClionProjects/testing/cmake-build-debug/CMakeFiles/CMakeScratch/TryCompile-5A1CDo] ==> ignore
    arg [-rpath] ==> ignore
    arg [/usr/local/Cellar/gcc/13.1.0/lib/gcc/current] ==> ignore
  Library search paths: [;/usr/local/opt/llvm/lib;/usr/local/Cellar/gcc/13.1.0/lib/gcc/current/gcc/x86_64-apple-darwin21/13;/usr/local/Cellar/gcc/13.1.0/lib/gcc/current/gcc;/Users/oliver/cdflib;/usr/local/lib;/usr/local/lib;/usr/local/lib;.;/usr/local/Cellar/gcc/13.1.0/lib/gcc/current;/Library/Developer/CommandLineTools/SDKs/MacOSX12.3.sdk/usr/lib]
  Framework search paths: [;/Library/Developer/CommandLineTools/SDKs/MacOSX12.3.sdk/System/Library/Frameworks/]
  remove lib [System]
  collapse library dir [/usr/local/opt/llvm/lib] ==> [/usr/local/opt/llvm/lib]
  collapse library dir [/usr/local/Cellar/gcc/13.1.0/bin/../lib/gcc/current/gcc/x86_64-apple-darwin21/13] ==> [/usr/local/Cellar/gcc/13.1.0/lib/gcc/current/gcc/x86_64-apple-darwin21/13]
  collapse library dir [/usr/local/Cellar/gcc/13.1.0/bin/../lib/gcc/current/gcc] ==> [/usr/local/Cellar/gcc/13.1.0/lib/gcc/current/gcc]
  collapse library dir [/Users/oliver/cdflib] ==> [/Users/oliver/cdflib]
  collapse library dir [/usr/local/lib] ==> [/usr/local/lib]
  collapse library dir [/usr/local/lib] ==> [/usr/local/lib]
  collapse library dir [/usr/local/lib] ==> [/usr/local/lib]
  collapse library dir [/usr/local/Cellar/gcc/13.1.0/bin/../lib/gcc/current/gcc/x86_64-apple-darwin21/13/../../..] ==> [/usr/local/Cellar/gcc/13.1.0/lib/gcc/current]
  collapse library dir [/usr/local/opt/llvm/lib] ==> [/usr/local/opt/llvm/lib]
  collapse library dir [/usr/local/Cellar/gcc/13.1.0/lib/gcc/current/gcc/x86_64-apple-darwin21/13] ==> [/usr/local/Cellar/gcc/13.1.0/lib/gcc/current/gcc/x86_64-apple-darwin21/13]
  collapse library dir [/usr/local/Cellar/gcc/13.1.0/lib/gcc/current/gcc] ==> [/usr/local/Cellar/gcc/13.1.0/lib/gcc/current/gcc]
  collapse library dir [/Users/oliver/cdflib] ==> [/Users/oliver/cdflib]
  collapse library dir [/usr/local/lib] ==> [/usr/local/lib]
  collapse library dir [/usr/local/lib] ==> [/usr/local/lib]
  collapse library dir [/usr/local/lib] ==> [/usr/local/lib]
  collapse library dir [.] ==> [/Users/oliver/ClionProjects/testing]
  collapse library dir [/usr/local/Cellar/gcc/13.1.0/lib/gcc/current] ==> [/usr/local/Cellar/gcc/13.1.0/lib/gcc/current]
  collapse library dir [/Library/Developer/CommandLineTools/SDKs/MacOSX12.3.sdk/usr/lib] ==> [/Library/Developer/CommandLineTools/SDKs/MacOSX12.3.sdk/usr/lib]
  collapse framework dir [/Library/Developer/CommandLineTools/SDKs/MacOSX12.3.sdk/System/Library/Frameworks/] ==> [/Library/Developer/CommandLineTools/SDKs/MacOSX12.3.sdk/System/Library/Frameworks]
  implicit libs: [emutls_w;gcc]
  implicit objs: []
  implicit dirs: [/usr/local/opt/llvm/lib;/usr/local/Cellar/gcc/13.1.0/lib/gcc/current/gcc/x86_64-apple-darwin21/13;/usr/local/Cellar/gcc/13.1.0/lib/gcc/current/gcc;/Users/oliver/cdflib;/usr/local/lib;/usr/local/Cellar/gcc/13.1.0/lib/gcc/current;/Users/oliver/ClionProjects/testing;/Library/Developer/CommandLineTools/SDKs/MacOSX12.3.sdk/usr/lib]
  implicit fwks: [/Library/Developer/CommandLineTools/SDKs/MacOSX12.3.sdk/System/Library/Frameworks]


Detecting CXX compiler ABI info compiled with the following output:
Change Dir: /Users/oliver/ClionProjects/testing/cmake-build-debug/CMakeFiles/CMakeScratch/TryCompile-mJKjGk

Run Build Command(s):/Applications/CLion.app/Contents/bin/ninja/mac/ninja cmTC_64367 && [1/2] Building CXX object CMakeFiles/cmTC_64367.dir/CMakeCXXCompilerABI.cpp.o
Using built-in specs.
COLLECT_GCC=/usr/local/Cellar/gcc/13.1.0/bin/g++-13
Target: x86_64-apple-darwin21
Configured with: ../configure --prefix=/usr/local/opt/gcc --libdir=/usr/local/opt/gcc/lib/gcc/current --disable-nls --enable-checking=release --with-gcc-major-version-only --enable-languages=c,c++,objc,obj-c++,fortran --program-suffix=-13 --with-gmp=/usr/local/opt/gmp --with-mpfr=/usr/local/opt/mpfr --with-mpc=/usr/local/opt/libmpc --with-isl=/usr/local/opt/isl --with-zstd=/usr/local/opt/zstd --with-pkgversion='Homebrew GCC 13.1.0' --with-bugurl=https://github.com/Homebrew/homebrew-core/issues --with-system-zlib --build=x86_64-apple-darwin21 --with-sysroot=/Library/Developer/CommandLineTools/SDKs/MacOSX12.sdk
Thread model: posix
Supported LTO compression algorithms: zlib zstd
gcc version 13.1.0 (Homebrew GCC 13.1.0) 
COLLECT_GCC_OPTIONS='-fdiagnostics-color=always' '-isysroot' '/Library/Developer/CommandLineTools/SDKs/MacOSX12.3.sdk' '-v' '-o' 'CMakeFiles/cmTC_64367.dir/CMakeCXXCompilerABI.cpp.o' '-c' '-mmacosx-version-min=12.0.0' '-asm_macosx_version_min=12.0' '-nodefaultexport' '-shared-libgcc' '-mtune=core2' '-dumpdir' 'CMakeFiles/cmTC_64367.dir/'
 /usr/local/Cellar/gcc/13.1.0/bin/../libexec/gcc/x86_64-apple-darwin21/13/cc1plus -quiet -v -iprefix /usr/local/Cellar/gcc/13.1.0/bin/../lib/gcc/current/gcc/x86_64-apple-darwin21/13/ -D__DYNAMIC__ -isysroot /Library/Developer/CommandLineTools/SDKs/MacOSX12.3.sdk /Applications/CLion.app/Contents/bin/cmake/mac/share/cmake-3.25/Modules/CMakeCXXCompilerABI.cpp -fPIC -quiet -dumpdir CMakeFiles/cmTC_64367.dir/ -dumpbase CMakeCXXCompilerABI.cpp.cpp -dumpbase-ext .cpp -mmacosx-version-min=12.0.0 -mtune=core2 -version -fdiagnostics-color=always -o /var/folders/w0/w6w9j9893c5082fg64y5ytjw0000gn/T//ccu5D3gA.s
GNU C++17 (Homebrew GCC 13.1.0) version 13.1.0 (x86_64-apple-darwin21)
	compiled by GNU C version 13.1.0, GMP version 6.2.1, MPFR version 4.2.0-p4, MPC version 1.3.1, isl version isl-0.26-GMP

warning: MPFR header version 4.2.0-p4 differs from library version 4.2.0-p12.
GGC heuristics: --param ggc-min-expand=100 --param ggc-min-heapsize=131072
ignoring nonexistent directory "/usr/local/Cellar/gcc/13.1.0/bin/../lib/gcc/current/gcc/x86_64-apple-darwin21/13/../../../../../../x86_64-apple-darwin21/include"
ignoring duplicate directory "/usr/local/Cellar/gcc/13.1.0/bin/../lib/gcc/current/gcc/../../../../lib/gcc/current/gcc/x86_64-apple-darwin21/13/../../../../../../include/c++/13"
ignoring duplicate directory "/usr/local/Cellar/gcc/13.1.0/bin/../lib/gcc/current/gcc/../../../../lib/gcc/current/gcc/x86_64-apple-darwin21/13/../../../../../../include/c++/13/x86_64-apple-darwin21"
ignoring duplicate directory "/usr/local/Cellar/gcc/13.1.0/bin/../lib/gcc/current/gcc/../../../../lib/gcc/current/gcc/x86_64-apple-darwin21/13/../../../../../../include/c++/13/backward"
ignoring duplicate directory "/usr/local/Cellar/gcc/13.1.0/bin/../lib/gcc/current/gcc/../../../../lib/gcc/current/gcc/x86_64-apple-darwin21/13/include"
ignoring nonexistent directory "/Library/Developer/CommandLineTools/SDKs/MacOSX12.3.sdk/usr/local/include"
ignoring duplicate directory "/usr/local/Cellar/gcc/13.1.0/bin/../lib/gcc/current/gcc/../../../../lib/gcc/current/gcc/x86_64-apple-darwin21/13/include-fixed"
ignoring nonexistent directory "/usr/local/Cellar/gcc/13.1.0/bin/../lib/gcc/current/gcc/../../../../lib/gcc/current/gcc/x86_64-apple-darwin21/13/../../../../../../x86_64-apple-darwin21/include"
ignoring nonexistent directory "/Library/Developer/CommandLineTools/SDKs/MacOSX12.3.sdk/Library/Frameworks"
#include "..." search starts here:
#include <...> search starts here:
 /usr/local/Cellar/gcc/13.1.0/bin/../lib/gcc/current/gcc/x86_64-apple-darwin21/13/../../../../../../include/c++/13
 /usr/local/Cellar/gcc/13.1.0/bin/../lib/gcc/current/gcc/x86_64-apple-darwin21/13/../../../../../../include/c++/13/x86_64-apple-darwin21
 /usr/local/Cellar/gcc/13.1.0/bin/../lib/gcc/current/gcc/x86_64-apple-darwin21/13/../../../../../../include/c++/13/backward
 /usr/local/Cellar/gcc/13.1.0/bin/../lib/gcc/current/gcc/x86_64-apple-darwin21/13/include
 /usr/local/Cellar/gcc/13.1.0/bin/../lib/gcc/current/gcc/x86_64-apple-darwin21/13/include-fixed
 /Library/Developer/CommandLineTools/SDKs/MacOSX12.3.sdk/usr/include
 /Library/Developer/CommandLineTools/SDKs/MacOSX12.3.sdk/System/Library/Frameworks
End of search list.
Compiler executable checksum: e5ba2421883fc0e9f14f96691701f76b
COLLECT_GCC_OPTIONS='-fdiagnostics-color=always' '-isysroot' '/Library/Developer/CommandLineTools/SDKs/MacOSX12.3.sdk' '-v' '-o' 'CMakeFiles/cmTC_64367.dir/CMakeCXXCompilerABI.cpp.o' '-c' '-mmacosx-version-min=12.0.0'  '-nodefaultexport' '-shared-libgcc' '-mtune=core2' '-dumpdir' 'CMakeFiles/cmTC_64367.dir/'
 as -arch x86_64 -v -mmacosx-version-min=12.0 -mllvm -x86-pad-for-align=false -force_cpusubtype_ALL -o CMakeFiles/cmTC_64367.dir/CMakeCXXCompilerABI.cpp.o /var/folders/w0/w6w9j9893c5082fg64y5ytjw0000gn/T//ccu5D3gA.s
Apple clang version 14.0.0 (clang-1400.0.29.102)
Target: x86_64-apple-darwin21.6.0
Thread model: posix
InstalledDir: /Library/Developer/CommandLineTools/usr/bin
 "/Library/Developer/CommandLineTools/usr/bin/clang" -cc1as -triple x86_64-apple-macosx12.0.0 -filetype obj -main-file-name ccu5D3gA.s -target-cpu penryn -fdebug-compilation-dir=/Users/oliver/ClionProjects/testing/cmake-build-debug/CMakeFiles/CMakeScratch/TryCompile-mJKjGk -dwarf-debug-producer "Apple clang version 14.0.0 (clang-1400.0.29.102)" -dwarf-version=4 -mrelocation-model pic --mrelax-relocations -mllvm -x86-pad-for-align=false -mllvm -disable-aligned-alloc-awareness=1 -o CMakeFiles/cmTC_64367.dir/CMakeCXXCompilerABI.cpp.o /var/folders/w0/w6w9j9893c5082fg64y5ytjw0000gn/T//ccu5D3gA.s
COMPILER_PATH=/usr/local/Cellar/gcc/13.1.0/bin/../libexec/gcc/x86_64-apple-darwin21/13/:/usr/local/Cellar/gcc/13.1.0/bin/../libexec/gcc/
LIBRARY_PATH=/usr/local/Cellar/gcc/13.1.0/bin/../lib/gcc/current/gcc/x86_64-apple-darwin21/13/:/usr/local/Cellar/gcc/13.1.0/bin/../lib/gcc/current/gcc/:/Users/oliver/cdflib/:/usr/local/lib/:/usr/local/lib/:/usr/local/lib/:./:/usr/local/Cellar/gcc/13.1.0/bin/../lib/gcc/current/gcc/x86_64-apple-darwin21/13/../../../
COLLECT_GCC_OPTIONS='-fdiagnostics-color=always' '-isysroot' '/Library/Developer/CommandLineTools/SDKs/MacOSX12.3.sdk' '-v' '-o' 'CMakeFiles/cmTC_64367.dir/CMakeCXXCompilerABI.cpp.o' '-c' '-mmacosx-version-min=12.0.0'  '-nodefaultexport' '-shared-libgcc' '-mtune=core2' '-dumpdir' 'CMakeFiles/cmTC_64367.dir/CMakeCXXCompilerABI.cpp.'
[2/2] Linking CXX executable cmTC_64367
Using built-in specs.
COLLECT_GCC=/usr/local/Cellar/gcc/13.1.0/bin/g++-13
COLLECT_LTO_WRAPPER=/usr/local/Cellar/gcc/13.1.0/bin/../libexec/gcc/x86_64-apple-darwin21/13/lto-wrapper
Target: x86_64-apple-darwin21
Configured with: ../configure --prefix=/usr/local/opt/gcc --libdir=/usr/local/opt/gcc/lib/gcc/current --disable-nls --enable-checking=release --with-gcc-major-version-only --enable-languages=c,c++,objc,obj-c++,fortran --program-suffix=-13 --with-gmp=/usr/local/opt/gmp --with-mpfr=/usr/local/opt/mpfr --with-mpc=/usr/local/opt/libmpc --with-isl=/usr/local/opt/isl --with-zstd=/usr/local/opt/zstd --with-pkgversion='Homebrew GCC 13.1.0' --with-bugurl=https://github.com/Homebrew/homebrew-core/issues --with-system-zlib --build=x86_64-apple-darwin21 --with-sysroot=/Library/Developer/CommandLineTools/SDKs/MacOSX12.sdk
Thread model: posix
Supported LTO compression algorithms: zlib zstd
gcc version 13.1.0 (Homebrew GCC 13.1.0) 
COMPILER_PATH=/usr/local/Cellar/gcc/13.1.0/bin/../libexec/gcc/x86_64-apple-darwin21/13/:/usr/local/Cellar/gcc/13.1.0/bin/../libexec/gcc/
LIBRARY_PATH=/usr/local/Cellar/gcc/13.1.0/bin/../lib/gcc/current/gcc/x86_64-apple-darwin21/13/:/usr/local/Cellar/gcc/13.1.0/bin/../lib/gcc/current/gcc/:/Users/oliver/cdflib/:/usr/local/lib/:/usr/local/lib/:/usr/local/lib/:./:/usr/local/Cellar/gcc/13.1.0/bin/../lib/gcc/current/gcc/x86_64-apple-darwin21/13/../../../
COLLECT_GCC_OPTIONS='-isysroot' '/Library/Developer/CommandLineTools/SDKs/MacOSX12.3.sdk' '-L/usr/local/opt/llvm/lib' '-v' '-o' 'cmTC_64367' '-mmacosx-version-min=12.0.0' '-asm_macosx_version_min=12.0' '-nodefaultexport' '-shared-libgcc' '-mtune=core2' '-dumpdir' 'cmTC_64367.'
 /usr/local/Cellar/gcc/13.1.0/bin/../libexec/gcc/x86_64-apple-darwin21/13/collect2 -dynamic -arch x86_64 -syslibroot /Library/Developer/CommandLineTools/SDKs/MacOSX12.3.sdk -macosx_version_min 12.0.0 -o cmTC_64367 -L/usr/local/opt/llvm/lib -L/usr/local/Cellar/gcc/13.1.0/bin/../lib/gcc/current/gcc/x86_64-apple-darwin21/13 -L/usr/local/Cellar/gcc/13.1.0/bin/../lib/gcc/current/gcc -L/Users/oliver/cdflib -L/usr/local/lib -L/usr/local/lib -L/usr/local/lib -L. -L/usr/local/Cellar/gcc/13.1.0/bin/../lib/gcc/current/gcc/x86_64-apple-darwin21/13/../../.. -search_paths_first -headerpad_max_install_names -v CMakeFiles/cmTC_64367.dir/CMakeCXXCompilerABI.cpp.o -lstdc++ -lgcc_s.1.1 -lgcc -lSystem -no_compact_unwind -rpath @loader_path -rpath /usr/local/Cellar/gcc/13.1.0/lib/gcc/current/gcc/x86_64-apple-darwin21/13 -rpath /usr/local/Cellar/gcc/13.1.0/lib/gcc/current/gcc -rpath /Users/oliver/cdflib -rpath /usr/local/lib -rpath /usr/local/lib -rpath /usr/local/lib -rpath /Users/oliver/ClionProjects/testing/cmake-build-debug/CMakeFiles/CMakeScratch/TryCompile-mJKjGk -rpath /usr/local/Cellar/gcc/13.1.0/lib/gcc/current
collect2 version 13.1.0
/usr/bin/ld -dynamic -arch x86_64 -syslibroot /Library/Developer/CommandLineTools/SDKs/MacOSX12.3.sdk -macosx_version_min 12.0.0 -o cmTC_64367 -L/usr/local/opt/llvm/lib -L/usr/local/Cellar/gcc/13.1.0/bin/../lib/gcc/current/gcc/x86_64-apple-darwin21/13 -L/usr/local/Cellar/gcc/13.1.0/bin/../lib/gcc/current/gcc -L/Users/oliver/cdflib -L/usr/local/lib -L/usr/local/lib -L/usr/local/lib -L. -L/usr/local/Cellar/gcc/13.1.0/bin/../lib/gcc/current/gcc/x86_64-apple-darwin21/13/../../.. -search_paths_first -headerpad_max_install_names -v CMakeFiles/cmTC_64367.dir/CMakeCXXCompilerABI.cpp.o -lstdc++ -lgcc_s.1.1 -lgcc -lSystem -no_compact_unwind -rpath @loader_path -rpath /usr/local/Cellar/gcc/13.1.0/lib/gcc/current/gcc/x86_64-apple-darwin21/13 -rpath /usr/local/Cellar/gcc/13.1.0/lib/gcc/current/gcc -rpath /Users/oliver/cdflib -rpath /usr/local/lib -rpath /usr/local/lib -rpath /usr/local/lib -rpath /Users/oliver/ClionProjects/testing/cmake-build-debug/CMakeFiles/CMakeScratch/TryCompile-mJKjGk -rpath /usr/local/Cellar/gcc/13.1.0/lib/gcc/current
@(#)PROGRAM:ld  PROJECT:ld64-819.6
BUILD 14:58:37 Aug  5 2022
configured to support archs: armv6 armv7 armv7s arm64 arm64e arm64_32 i386 x86_64 x86_64h armv6m armv7k armv7m armv7em
Library search paths:
	/usr/local/opt/llvm/lib
	/usr/local/Cellar/gcc/13.1.0/lib/gcc/current/gcc/x86_64-apple-darwin21/13
	/usr/local/Cellar/gcc/13.1.0/lib/gcc/current/gcc
	/Users/oliver/cdflib
	/usr/local/lib
	/usr/local/lib
	/usr/local/lib
	.
	/usr/local/Cellar/gcc/13.1.0/lib/gcc/current
	/Library/Developer/CommandLineTools/SDKs/MacOSX12.3.sdk/usr/lib
Framework search paths:
	/Library/Developer/CommandLineTools/SDKs/MacOSX12.3.sdk/System/Library/Frameworks/



Parsed CXX implicit include dir info from above output: rv=done
  found start of include info
  found start of implicit include info
    add: [/usr/local/Cellar/gcc/13.1.0/bin/../lib/gcc/current/gcc/x86_64-apple-darwin21/13/../../../../../../include/c++/13]
    add: [/usr/local/Cellar/gcc/13.1.0/bin/../lib/gcc/current/gcc/x86_64-apple-darwin21/13/../../../../../../include/c++/13/x86_64-apple-darwin21]
    add: [/usr/local/Cellar/gcc/13.1.0/bin/../lib/gcc/current/gcc/x86_64-apple-darwin21/13/../../../../../../include/c++/13/backward]
    add: [/usr/local/Cellar/gcc/13.1.0/bin/../lib/gcc/current/gcc/x86_64-apple-darwin21/13/include]
    add: [/usr/local/Cellar/gcc/13.1.0/bin/../lib/gcc/current/gcc/x86_64-apple-darwin21/13/include-fixed]
    add: [/Library/Developer/CommandLineTools/SDKs/MacOSX12.3.sdk/usr/include]
    add: [/Library/Developer/CommandLineTools/SDKs/MacOSX12.3.sdk/System/Library/Frameworks]
  end of search list found
  collapse include dir [/usr/local/Cellar/gcc/13.1.0/bin/../lib/gcc/current/gcc/x86_64-apple-darwin21/13/../../../../../../include/c++/13] ==> [/usr/local/Cellar/gcc/13.1.0/include/c++/13]
  collapse include dir [/usr/local/Cellar/gcc/13.1.0/bin/../lib/gcc/current/gcc/x86_64-apple-darwin21/13/../../../../../../include/c++/13/x86_64-apple-darwin21] ==> [/usr/local/Cellar/gcc/13.1.0/include/c++/13/x86_64-apple-darwin21]
  collapse include dir [/usr/local/Cellar/gcc/13.1.0/bin/../lib/gcc/current/gcc/x86_64-apple-darwin21/13/../../../../../../include/c++/13/backward] ==> [/usr/local/Cellar/gcc/13.1.0/include/c++/13/backward]
  collapse include dir [/usr/local/Cellar/gcc/13.1.0/bin/../lib/gcc/current/gcc/x86_64-apple-darwin21/13/include] ==> [/usr/local/Cellar/gcc/13.1.0/lib/gcc/current/gcc/x86_64-apple-darwin21/13/include]
  collapse include dir [/usr/local/Cellar/gcc/13.1.0/bin/../lib/gcc/current/gcc/x86_64-apple-darwin21/13/include-fixed] ==> [/usr/local/Cellar/gcc/13.1.0/lib/gcc/current/gcc/x86_64-apple-darwin21/13/include-fixed]
  collapse include dir [/Library/Developer/CommandLineTools/SDKs/MacOSX12.3.sdk/usr/include] ==> [/Library/Developer/CommandLineTools/SDKs/MacOSX12.3.sdk/usr/include]
  collapse include dir [/Library/Developer/CommandLineTools/SDKs/MacOSX12.3.sdk/System/Library/Frameworks] ==> [/Library/Developer/CommandLineTools/SDKs/MacOSX12.3.sdk/System/Library/Frameworks]
  implicit include dirs: [/usr/local/Cellar/gcc/13.1.0/include/c++/13;/usr/local/Cellar/gcc/13.1.0/include/c++/13/x86_64-apple-darwin21;/usr/local/Cellar/gcc/13.1.0/include/c++/13/backward;/usr/local/Cellar/gcc/13.1.0/lib/gcc/current/gcc/x86_64-apple-darwin21/13/include;/usr/local/Cellar/gcc/13.1.0/lib/gcc/current/gcc/x86_64-apple-darwin21/13/include-fixed;/Library/Developer/CommandLineTools/SDKs/MacOSX12.3.sdk/usr/include;/Library/Developer/CommandLineTools/SDKs/MacOSX12.3.sdk/System/Library/Frameworks]


Parsed CXX implicit link information from above output:
  link line regex: [^( *|.*[/\])(ld|CMAKE_LINK_STARTFILE-NOTFOUND|([^/\]+-)?ld|collect2)[^/\]*( |$)]
  ignore line: [Change Dir: /Users/oliver/ClionProjects/testing/cmake-build-debug/CMakeFiles/CMakeScratch/TryCompile-mJKjGk]
  ignore line: []
  ignore line: [Run Build Command(s):/Applications/CLion.app/Contents/bin/ninja/mac/ninja cmTC_64367 && [1/2] Building CXX object CMakeFiles/cmTC_64367.dir/CMakeCXXCompilerABI.cpp.o]
  ignore line: [Using built-in specs.]
  ignore line: [COLLECT_GCC=/usr/local/Cellar/gcc/13.1.0/bin/g++-13]
  ignore line: [Target: x86_64-apple-darwin21]
  ignore line: [Configured with: ../configure --prefix=/usr/local/opt/gcc --libdir=/usr/local/opt/gcc/lib/gcc/current --disable-nls --enable-checking=release --with-gcc-major-version-only --enable-languages=c c++ objc obj-c++ fortran --program-suffix=-13 --with-gmp=/usr/local/opt/gmp --with-mpfr=/usr/local/opt/mpfr --with-mpc=/usr/local/opt/libmpc --with-isl=/usr/local/opt/isl --with-zstd=/usr/local/opt/zstd --with-pkgversion='Homebrew GCC 13.1.0' --with-bugurl=https://github.com/Homebrew/homebrew-core/issues --with-system-zlib --build=x86_64-apple-darwin21 --with-sysroot=/Library/Developer/CommandLineTools/SDKs/MacOSX12.sdk]
  ignore line: [Thread model: posix]
  ignore line: [Supported LTO compression algorithms: zlib zstd]
  ignore line: [gcc version 13.1.0 (Homebrew GCC 13.1.0) ]
  ignore line: [COLLECT_GCC_OPTIONS='-fdiagnostics-color=always' '-isysroot' '/Library/Developer/CommandLineTools/SDKs/MacOSX12.3.sdk' '-v' '-o' 'CMakeFiles/cmTC_64367.dir/CMakeCXXCompilerABI.cpp.o' '-c' '-mmacosx-version-min=12.0.0' '-asm_macosx_version_min=12.0' '-nodefaultexport' '-shared-libgcc' '-mtune=core2' '-dumpdir' 'CMakeFiles/cmTC_64367.dir/']
  ignore line: [ /usr/local/Cellar/gcc/13.1.0/bin/../libexec/gcc/x86_64-apple-darwin21/13/cc1plus -quiet -v -iprefix /usr/local/Cellar/gcc/13.1.0/bin/../lib/gcc/current/gcc/x86_64-apple-darwin21/13/ -D__DYNAMIC__ -isysroot /Library/Developer/CommandLineTools/SDKs/MacOSX12.3.sdk /Applications/CLion.app/Contents/bin/cmake/mac/share/cmake-3.25/Modules/CMakeCXXCompilerABI.cpp -fPIC -quiet -dumpdir CMakeFiles/cmTC_64367.dir/ -dumpbase CMakeCXXCompilerABI.cpp.cpp -dumpbase-ext .cpp -mmacosx-version-min=12.0.0 -mtune=core2 -version -fdiagnostics-color=always -o /var/folders/w0/w6w9j9893c5082fg64y5ytjw0000gn/T//ccu5D3gA.s]
  ignore line: [GNU C++17 (Homebrew GCC 13.1.0) version 13.1.0 (x86_64-apple-darwin21)]
  ignore line: [	compiled by GNU C version 13.1.0  GMP version 6.2.1  MPFR version 4.2.0-p4  MPC version 1.3.1  isl version isl-0.26-GMP]
  ignore line: []
  ignore line: [warning: MPFR header version 4.2.0-p4 differs from library version 4.2.0-p12.]
  ignore line: [GGC heuristics: --param ggc-min-expand=100 --param ggc-min-heapsize=131072]
  ignore line: [ignoring nonexistent directory "/usr/local/Cellar/gcc/13.1.0/bin/../lib/gcc/current/gcc/x86_64-apple-darwin21/13/../../../../../../x86_64-apple-darwin21/include"]
  ignore line: [ignoring duplicate directory "/usr/local/Cellar/gcc/13.1.0/bin/../lib/gcc/current/gcc/../../../../lib/gcc/current/gcc/x86_64-apple-darwin21/13/../../../../../../include/c++/13"]
  ignore line: [ignoring duplicate directory "/usr/local/Cellar/gcc/13.1.0/bin/../lib/gcc/current/gcc/../../../../lib/gcc/current/gcc/x86_64-apple-darwin21/13/../../../../../../include/c++/13/x86_64-apple-darwin21"]
  ignore line: [ignoring duplicate directory "/usr/local/Cellar/gcc/13.1.0/bin/../lib/gcc/current/gcc/../../../../lib/gcc/current/gcc/x86_64-apple-darwin21/13/../../../../../../include/c++/13/backward"]
  ignore line: [ignoring duplicate directory "/usr/local/Cellar/gcc/13.1.0/bin/../lib/gcc/current/gcc/../../../../lib/gcc/current/gcc/x86_64-apple-darwin21/13/include"]
  ignore line: [ignoring nonexistent directory "/Library/Developer/CommandLineTools/SDKs/MacOSX12.3.sdk/usr/local/include"]
  ignore line: [ignoring duplicate directory "/usr/local/Cellar/gcc/13.1.0/bin/../lib/gcc/current/gcc/../../../../lib/gcc/current/gcc/x86_64-apple-darwin21/13/include-fixed"]
  ignore line: [ignoring nonexistent directory "/usr/local/Cellar/gcc/13.1.0/bin/../lib/gcc/current/gcc/../../../../lib/gcc/current/gcc/x86_64-apple-darwin21/13/../../../../../../x86_64-apple-darwin21/include"]
  ignore line: [ignoring nonexistent directory "/Library/Developer/CommandLineTools/SDKs/MacOSX12.3.sdk/Library/Frameworks"]
  ignore line: [#include "..." search starts here:]
  ignore line: [#include <...> search starts here:]
  ignore line: [ /usr/local/Cellar/gcc/13.1.0/bin/../lib/gcc/current/gcc/x86_64-apple-darwin21/13/../../../../../../include/c++/13]
  ignore line: [ /usr/local/Cellar/gcc/13.1.0/bin/../lib/gcc/current/gcc/x86_64-apple-darwin21/13/../../../../../../include/c++/13/x86_64-apple-darwin21]
  ignore line: [ /usr/local/Cellar/gcc/13.1.0/bin/../lib/gcc/current/gcc/x86_64-apple-darwin21/13/../../../../../../include/c++/13/backward]
  ignore line: [ /usr/local/Cellar/gcc/13.1.0/bin/../lib/gcc/current/gcc/x86_64-apple-darwin21/13/include]
  ignore line: [ /usr/local/Cellar/gcc/13.1.0/bin/../lib/gcc/current/gcc/x86_64-apple-darwin21/13/include-fixed]
  ignore line: [ /Library/Developer/CommandLineTools/SDKs/MacOSX12.3.sdk/usr/include]
  ignore line: [ /Library/Developer/CommandLineTools/SDKs/MacOSX12.3.sdk/System/Library/Frameworks]
  ignore line: [End of search list.]
  ignore line: [Compiler executable checksum: e5ba2421883fc0e9f14f96691701f76b]
  ignore line: [COLLECT_GCC_OPTIONS='-fdiagnostics-color=always' '-isysroot' '/Library/Developer/CommandLineTools/SDKs/MacOSX12.3.sdk' '-v' '-o' 'CMakeFiles/cmTC_64367.dir/CMakeCXXCompilerABI.cpp.o' '-c' '-mmacosx-version-min=12.0.0'  '-nodefaultexport' '-shared-libgcc' '-mtune=core2' '-dumpdir' 'CMakeFiles/cmTC_64367.dir/']
  ignore line: [ as -arch x86_64 -v -mmacosx-version-min=12.0 -mllvm -x86-pad-for-align=false -force_cpusubtype_ALL -o CMakeFiles/cmTC_64367.dir/CMakeCXXCompilerABI.cpp.o /var/folders/w0/w6w9j9893c5082fg64y5ytjw0000gn/T//ccu5D3gA.s]
  ignore line: [Apple clang version 14.0.0 (clang-1400.0.29.102)]
  ignore line: [Target: x86_64-apple-darwin21.6.0]
  ignore line: [Thread model: posix]
  ignore line: [InstalledDir: /Library/Developer/CommandLineTools/usr/bin]
  ignore line: [ "/Library/Developer/CommandLineTools/usr/bin/clang" -cc1as -triple x86_64-apple-macosx12.0.0 -filetype obj -main-file-name ccu5D3gA.s -target-cpu penryn -fdebug-compilation-dir=/Users/oliver/ClionProjects/testing/cmake-build-debug/CMakeFiles/CMakeScratch/TryCompile-mJKjGk -dwarf-debug-producer "Apple clang version 14.0.0 (clang-1400.0.29.102)" -dwarf-version=4 -mrelocation-model pic --mrelax-relocations -mllvm -x86-pad-for-align=false -mllvm -disable-aligned-alloc-awareness=1 -o CMakeFiles/cmTC_64367.dir/CMakeCXXCompilerABI.cpp.o /var/folders/w0/w6w9j9893c5082fg64y5ytjw0000gn/T//ccu5D3gA.s]
  ignore line: [COMPILER_PATH=/usr/local/Cellar/gcc/13.1.0/bin/../libexec/gcc/x86_64-apple-darwin21/13/:/usr/local/Cellar/gcc/13.1.0/bin/../libexec/gcc/]
  ignore line: [LIBRARY_PATH=/usr/local/Cellar/gcc/13.1.0/bin/../lib/gcc/current/gcc/x86_64-apple-darwin21/13/:/usr/local/Cellar/gcc/13.1.0/bin/../lib/gcc/current/gcc/:/Users/oliver/cdflib/:/usr/local/lib/:/usr/local/lib/:/usr/local/lib/:./:/usr/local/Cellar/gcc/13.1.0/bin/../lib/gcc/current/gcc/x86_64-apple-darwin21/13/../../../]
  ignore line: [COLLECT_GCC_OPTIONS='-fdiagnostics-color=always' '-isysroot' '/Library/Developer/CommandLineTools/SDKs/MacOSX12.3.sdk' '-v' '-o' 'CMakeFiles/cmTC_64367.dir/CMakeCXXCompilerABI.cpp.o' '-c' '-mmacosx-version-min=12.0.0'  '-nodefaultexport' '-shared-libgcc' '-mtune=core2' '-dumpdir' 'CMakeFiles/cmTC_64367.dir/CMakeCXXCompilerABI.cpp.']
  ignore line: [[2/2] Linking CXX executable cmTC_64367]
  ignore line: [Using built-in specs.]
  ignore line: [COLLECT_GCC=/usr/local/Cellar/gcc/13.1.0/bin/g++-13]
  ignore line: [COLLECT_LTO_WRAPPER=/usr/local/Cellar/gcc/13.1.0/bin/../libexec/gcc/x86_64-apple-darwin21/13/lto-wrapper]
  ignore line: [Target: x86_64-apple-darwin21]
  ignore line: [Configured with: ../configure --prefix=/usr/local/opt/gcc --libdir=/usr/local/opt/gcc/lib/gcc/current --disable-nls --enable-checking=release --with-gcc-major-version-only --enable-languages=c c++ objc obj-c++ fortran --program-suffix=-13 --with-gmp=/usr/local/opt/gmp --with-mpfr=/usr/local/opt/mpfr --with-mpc=/usr/local/opt/libmpc --with-isl=/usr/local/opt/isl --with-zstd=/usr/local/opt/zstd --with-pkgversion='Homebrew GCC 13.1.0' --with-bugurl=https://github.com/Homebrew/homebrew-core/issues --with-system-zlib --build=x86_64-apple-darwin21 --with-sysroot=/Library/Developer/CommandLineTools/SDKs/MacOSX12.sdk]
  ignore line: [Thread model: posix]
  ignore line: [Supported LTO compression algorithms: zlib zstd]
  ignore line: [gcc version 13.1.0 (Homebrew GCC 13.1.0) ]
  ignore line: [COMPILER_PATH=/usr/local/Cellar/gcc/13.1.0/bin/../libexec/gcc/x86_64-apple-darwin21/13/:/usr/local/Cellar/gcc/13.1.0/bin/../libexec/gcc/]
  ignore line: [LIBRARY_PATH=/usr/local/Cellar/gcc/13.1.0/bin/../lib/gcc/current/gcc/x86_64-apple-darwin21/13/:/usr/local/Cellar/gcc/13.1.0/bin/../lib/gcc/current/gcc/:/Users/oliver/cdflib/:/usr/local/lib/:/usr/local/lib/:/usr/local/lib/:./:/usr/local/Cellar/gcc/13.1.0/bin/../lib/gcc/current/gcc/x86_64-apple-darwin21/13/../../../]
  ignore line: [COLLECT_GCC_OPTIONS='-isysroot' '/Library/Developer/CommandLineTools/SDKs/MacOSX12.3.sdk' '-L/usr/local/opt/llvm/lib' '-v' '-o' 'cmTC_64367' '-mmacosx-version-min=12.0.0' '-asm_macosx_version_min=12.0' '-nodefaultexport' '-shared-libgcc' '-mtune=core2' '-dumpdir' 'cmTC_64367.']
  link line: [ /usr/local/Cellar/gcc/13.1.0/bin/../libexec/gcc/x86_64-apple-darwin21/13/collect2 -dynamic -arch x86_64 -syslibroot /Library/Developer/CommandLineTools/SDKs/MacOSX12.3.sdk -macosx_version_min 12.0.0 -o cmTC_64367 -L/usr/local/opt/llvm/lib -L/usr/local/Cellar/gcc/13.1.0/bin/../lib/gcc/current/gcc/x86_64-apple-darwin21/13 -L/usr/local/Cellar/gcc/13.1.0/bin/../lib/gcc/current/gcc -L/Users/oliver/cdflib -L/usr/local/lib -L/usr/local/lib -L/usr/local/lib -L. -L/usr/local/Cellar/gcc/13.1.0/bin/../lib/gcc/current/gcc/x86_64-apple-darwin21/13/../../.. -search_paths_first -headerpad_max_install_names -v CMakeFiles/cmTC_64367.dir/CMakeCXXCompilerABI.cpp.o -lstdc++ -lgcc_s.1.1 -lgcc -lSystem -no_compact_unwind -rpath @loader_path -rpath /usr/local/Cellar/gcc/13.1.0/lib/gcc/current/gcc/x86_64-apple-darwin21/13 -rpath /usr/local/Cellar/gcc/13.1.0/lib/gcc/current/gcc -rpath /Users/oliver/cdflib -rpath /usr/local/lib -rpath /usr/local/lib -rpath /usr/local/lib -rpath /Users/oliver/ClionProjects/testing/cmake-build-debug/CMakeFiles/CMakeScratch/TryCompile-mJKjGk -rpath /usr/local/Cellar/gcc/13.1.0/lib/gcc/current]
    arg [/usr/local/Cellar/gcc/13.1.0/bin/../libexec/gcc/x86_64-apple-darwin21/13/collect2] ==> ignore
    arg [-dynamic] ==> ignore
    arg [-arch] ==> ignore
    arg [x86_64] ==> ignore
    arg [-syslibroot] ==> ignore
    arg [/Library/Developer/CommandLineTools/SDKs/MacOSX12.3.sdk] ==> ignore
    arg [-macosx_version_min] ==> ignore
    arg [12.0.0] ==> ignore
    arg [-o] ==> ignore
    arg [cmTC_64367] ==> ignore
    arg [-L/usr/local/opt/llvm/lib] ==> dir [/usr/local/opt/llvm/lib]
    arg [-L/usr/local/Cellar/gcc/13.1.0/bin/../lib/gcc/current/gcc/x86_64-apple-darwin21/13] ==> dir [/usr/local/Cellar/gcc/13.1.0/bin/../lib/gcc/current/gcc/x86_64-apple-darwin21/13]
    arg [-L/usr/local/Cellar/gcc/13.1.0/bin/../lib/gcc/current/gcc] ==> dir [/usr/local/Cellar/gcc/13.1.0/bin/../lib/gcc/current/gcc]
    arg [-L/Users/oliver/cdflib] ==> dir [/Users/oliver/cdflib]
    arg [-L/usr/local/lib] ==> dir [/usr/local/lib]
    arg [-L/usr/local/lib] ==> dir [/usr/local/lib]
    arg [-L/usr/local/lib] ==> dir [/usr/local/lib]
    arg [-L.] ==> ignore
    arg [-L/usr/local/Cellar/gcc/13.1.0/bin/../lib/gcc/current/gcc/x86_64-apple-darwin21/13/../../..] ==> dir [/usr/local/Cellar/gcc/13.1.0/bin/../lib/gcc/current/gcc/x86_64-apple-darwin21/13/../../..]
    arg [-search_paths_first] ==> ignore
    arg [-headerpad_max_install_names] ==> ignore
    arg [-v] ==> ignore
    arg [CMakeFiles/cmTC_64367.dir/CMakeCXXCompilerABI.cpp.o] ==> ignore
    arg [-lstdc++] ==> lib [stdc++]
    arg [-lgcc_s.1.1] ==> lib [gcc_s.1.1]
    arg [-lgcc] ==> lib [gcc]
    arg [-lSystem] ==> lib [System]
    arg [-no_compact_unwind] ==> ignore
    arg [-rpath] ==> ignore
    arg [@loader_path] ==> ignore
    arg [-rpath] ==> ignore
    arg [/usr/local/Cellar/gcc/13.1.0/lib/gcc/current/gcc/x86_64-apple-darwin21/13] ==> ignore
    arg [-rpath] ==> ignore
    arg [/usr/local/Cellar/gcc/13.1.0/lib/gcc/current/gcc] ==> ignore
    arg [-rpath] ==> ignore
    arg [/Users/oliver/cdflib] ==> ignore
    arg [-rpath] ==> ignore
    arg [/usr/local/lib] ==> ignore
    arg [-rpath] ==> ignore
    arg [/usr/local/lib] ==> ignore
    arg [-rpath] ==> ignore
    arg [/usr/local/lib] ==> ignore
    arg [-rpath] ==> ignore
    arg [/Users/oliver/ClionProjects/testing/cmake-build-debug/CMakeFiles/CMakeScratch/TryCompile-mJKjGk] ==> ignore
    arg [-rpath] ==> ignore
    arg [/usr/local/Cellar/gcc/13.1.0/lib/gcc/current] ==> ignore
  Library search paths: [;/usr/local/opt/llvm/lib;/usr/local/Cellar/gcc/13.1.0/lib/gcc/current/gcc/x86_64-apple-darwin21/13;/usr/local/Cellar/gcc/13.1.0/lib/gcc/current/gcc;/Users/oliver/cdflib;/usr/local/lib;/usr/local/lib;/usr/local/lib;.;/usr/local/Cellar/gcc/13.1.0/lib/gcc/current;/Library/Developer/CommandLineTools/SDKs/MacOSX12.3.sdk/usr/lib]
  Framework search paths: [;/Library/Developer/CommandLineTools/SDKs/MacOSX12.3.sdk/System/Library/Frameworks/]
  remove lib [System]
  collapse library dir [/usr/local/opt/llvm/lib] ==> [/usr/local/opt/llvm/lib]
  collapse library dir [/usr/local/Cellar/gcc/13.1.0/bin/../lib/gcc/current/gcc/x86_64-apple-darwin21/13] ==> [/usr/local/Cellar/gcc/13.1.0/lib/gcc/current/gcc/x86_64-apple-darwin21/13]
  collapse library dir [/usr/local/Cellar/gcc/13.1.0/bin/../lib/gcc/current/gcc] ==> [/usr/local/Cellar/gcc/13.1.0/lib/gcc/current/gcc]
  collapse library dir [/Users/oliver/cdflib] ==> [/Users/oliver/cdflib]
  collapse library dir [/usr/local/lib] ==> [/usr/local/lib]
  collapse library dir [/usr/local/lib] ==> [/usr/local/lib]
  collapse library dir [/usr/local/lib] ==> [/usr/local/lib]
  collapse library dir [/usr/local/Cellar/gcc/13.1.0/bin/../lib/gcc/current/gcc/x86_64-apple-darwin21/13/../../..] ==> [/usr/local/Cellar/gcc/13.1.0/lib/gcc/current]
  collapse library dir [/usr/local/opt/llvm/lib] ==> [/usr/local/opt/llvm/lib]
  collapse library dir [/usr/local/Cellar/gcc/13.1.0/lib/gcc/current/gcc/x86_64-apple-darwin21/13] ==> [/usr/local/Cellar/gcc/13.1.0/lib/gcc/current/gcc/x86_64-apple-darwin21/13]
  collapse library dir [/usr/local/Cellar/gcc/13.1.0/lib/gcc/current/gcc] ==> [/usr/local/Cellar/gcc/13.1.0/lib/gcc/current/gcc]
  collapse library dir [/Users/oliver/cdflib] ==> [/Users/oliver/cdflib]
  collapse library dir [/usr/local/lib] ==> [/usr/local/lib]
  collapse library dir [/usr/local/lib] ==> [/usr/local/lib]
  collapse library dir [/usr/local/lib] ==> [/usr/local/lib]
  collapse library dir [.] ==> [/Users/oliver/ClionProjects/testing]
  collapse library dir [/usr/local/Cellar/gcc/13.1.0/lib/gcc/current] ==> [/usr/local/Cellar/gcc/13.1.0/lib/gcc/current]
  collapse library dir [/Library/Developer/CommandLineTools/SDKs/MacOSX12.3.sdk/usr/lib] ==> [/Library/Developer/CommandLineTools/SDKs/MacOSX12.3.sdk/usr/lib]
  collapse framework dir [/Library/Developer/CommandLineTools/SDKs/MacOSX12.3.sdk/System/Library/Frameworks/] ==> [/Library/Developer/CommandLineTools/SDKs/MacOSX12.3.sdk/System/Library/Frameworks]
  implicit libs: [stdc++;gcc_s.1.1;gcc]
  implicit objs: []
  implicit dirs: [/usr/local/opt/llvm/lib;/usr/local/Cellar/gcc/13.1.0/lib/gcc/current/gcc/x86_64-apple-darwin21/13;/usr/local/Cellar/gcc/13.1.0/lib/gcc/current/gcc;/Users/oliver/cdflib;/usr/local/lib;/usr/local/Cellar/gcc/13.1.0/lib/gcc/current;/Users/oliver/ClionProjects/testing;/Library/Developer/CommandLineTools/SDKs/MacOSX12.3.sdk/usr/lib]
  implicit fwks: [/Library/Developer/CommandLineTools/SDKs/MacOSX12.3.sdk/System/Library/Frameworks]


Performing C SOURCE FILE Test COMPILER_SUPPORTS_C2X succeeded with the following output:
Change Dir: /Users/oliver/ClionProjects/testing/cmake-build-debug/CMakeFiles/CMakeScratch/TryCompile-zALTmU

Run Build Command(s):/Applications/CLion.app/Contents/bin/ninja/mac/ninja cmTC_84b32 && [1/2] Building C object CMakeFiles/cmTC_84b32.dir/src.c.o
[2/2] Linking C executable cmTC_84b32


Source file was:
int main(void) { return 0; }

