The system is: Darwin - 21.6.0 - x86_64
Compiling the C compiler identification source file "CMakeCCompilerId.c" succeeded.
Compiler: /usr/local/opt/llvm/bin/clang-16 
Build flags: 
Id flags:  

The output was:
0


Compilation of the C compiler identification source "CMakeCCompilerId.c" produced "a.out"

The C compiler identification is Clang, found in "/Users/oliver/ClionProjects/testing/cmake-build-release/CMakeFiles/3.25.2/CompilerIdC/a.out"

Compiling the CXX compiler identification source file "CMakeCXXCompilerId.cpp" succeeded.
Compiler: /usr/local/opt/llvm/bin/clang++ 
Build flags: 
Id flags:  

The output was:
0


Compilation of the CXX compiler identification source "CMakeCXXCompilerId.cpp" produced "a.out"

The CXX compiler identification is Clang, found in "/Users/oliver/ClionProjects/testing/cmake-build-release/CMakeFiles/3.25.2/CompilerIdCXX/a.out"

Detecting C compiler ABI info compiled with the following output:
Change Dir: /Users/oliver/ClionProjects/testing/cmake-build-release/CMakeFiles/CMakeScratch/TryCompile-pedFUN

Run Build Command(s):/usr/bin/make -f Makefile cmTC_62312/fast && /Library/Developer/CommandLineTools/usr/bin/make  -f CMakeFiles/cmTC_62312.dir/build.make CMakeFiles/cmTC_62312.dir/build
Building C object CMakeFiles/cmTC_62312.dir/CMakeCCompilerABI.c.o
/usr/local/opt/llvm/bin/clang-16   -mmacosx-version-min=12.6 -fcolor-diagnostics   -v -Wl,-v -MD -MT CMakeFiles/cmTC_62312.dir/CMakeCCompilerABI.c.o -MF CMakeFiles/cmTC_62312.dir/CMakeCCompilerABI.c.o.d -o CMakeFiles/cmTC_62312.dir/CMakeCCompilerABI.c.o -c /Applications/CLion.app/Contents/bin/cmake/mac/share/cmake-3.25/Modules/CMakeCCompilerABI.c
Homebrew clang version 16.0.6
Target: x86_64-apple-darwin21.6.0
Thread model: posix
InstalledDir: /usr/local/opt/llvm/bin
clang-16: [0;1;35mwarning: [0m[1m-Wl,-v: 'linker' input unused [-Wunused-command-line-argument][0m
 (in-process)
 "/usr/local/Cellar/llvm/16.0.6/bin/clang-16" -cc1 -triple x86_64-apple-macosx12.6.0 -Wundef-prefix=TARGET_OS_ -Werror=undef-prefix -Wdeprecated-objc-isa-usage -Werror=deprecated-objc-isa-usage -emit-obj -mrelax-all -disable-free -clear-ast-before-backend -disable-llvm-verifier -discard-value-names -main-file-name CMakeCCompilerABI.c -mrelocation-model pic -pic-level 2 -mframe-pointer=all -ffp-contract=on -fno-rounding-math -funwind-tables=2 -fcompatibility-qualified-id-block-type-checking -fvisibility-inlines-hidden-static-local-var -target-cpu penryn -tune-cpu generic -mllvm -treat-scalable-fixed-error-as-warning -debugger-tuning=lldb -target-linker-version 820.1 -v -fcoverage-compilation-dir=/Users/oliver/ClionProjects/testing/cmake-build-release/CMakeFiles/CMakeScratch/TryCompile-pedFUN -resource-dir /usr/local/Cellar/llvm/16.0.6/lib/clang/16 -dependency-file CMakeFiles/cmTC_62312.dir/CMakeCCompilerABI.c.o.d -MT CMakeFiles/cmTC_62312.dir/CMakeCCompilerABI.c.o -sys-header-deps -isysroot /Library/Developer/CommandLineTools/SDKs/MacOSX12.sdk -c-isystem /usr/local/include/ -c-isystem /usr/local/include/ -c-isystem . -cxx-isystem /usr/local/include/ -cxx-isystem . -internal-isystem /Library/Developer/CommandLineTools/SDKs/MacOSX12.sdk/usr/local/include -internal-isystem /usr/local/Cellar/llvm/16.0.6/lib/clang/16/include -internal-externc-isystem /Library/Developer/CommandLineTools/SDKs/MacOSX12.sdk/usr/include -fdebug-compilation-dir=/Users/oliver/ClionProjects/testing/cmake-build-release/CMakeFiles/CMakeScratch/TryCompile-pedFUN -ferror-limit 19 -stack-protector 1 -fblocks -fencode-extended-block-signature -fregister-global-dtors-with-atexit -fgnuc-version=4.2.1 -fmax-type-align=16 -fcolor-diagnostics -D__GCC_HAVE_DWARF2_CFI_ASM=1 -o CMakeFiles/cmTC_62312.dir/CMakeCCompilerABI.c.o -x c /Applications/CLion.app/Contents/bin/cmake/mac/share/cmake-3.25/Modules/CMakeCCompilerABI.c
clang -cc1 version 16.0.6 based upon LLVM 16.0.6 default target x86_64-apple-darwin21.6.0
ignoring nonexistent directory "/Library/Developer/CommandLineTools/SDKs/MacOSX12.sdk/usr/local/include"
ignoring nonexistent directory "/Library/Developer/CommandLineTools/SDKs/MacOSX12.sdk/Library/Frameworks"
ignoring duplicate directory "/usr/local/include"
#include "..." search starts here:
#include <...> search starts here:
 /usr/local/include
 .
 /usr/local/Cellar/llvm/16.0.6/lib/clang/16/include
 /Library/Developer/CommandLineTools/SDKs/MacOSX12.sdk/usr/include
 /Library/Developer/CommandLineTools/SDKs/MacOSX12.sdk/System/Library/Frameworks (framework directory)
End of search list.
Linking C executable cmTC_62312
/Applications/CLion.app/Contents/bin/cmake/mac/bin/cmake -E cmake_link_script CMakeFiles/cmTC_62312.dir/link.txt --verbose=1
/usr/local/opt/llvm/bin/clang-16  -mmacosx-version-min=12.6 -Wl,-search_paths_first -Wl,-headerpad_max_install_names -L/usr/local/opt/llvm/lib -v -Wl,-v CMakeFiles/cmTC_62312.dir/CMakeCCompilerABI.c.o -o cmTC_62312 
Homebrew clang version 16.0.6
Target: x86_64-apple-darwin21.6.0
Thread model: posix
InstalledDir: /usr/local/opt/llvm/bin
 "/usr/bin/ld" -demangle -lto_library /usr/local/Cellar/llvm/16.0.6/lib/libLTO.dylib -dynamic -arch x86_64 -platform_version macos 12.6.0 12.6.0 -syslibroot /Library/Developer/CommandLineTools/SDKs/MacOSX12.sdk -o cmTC_62312 -L/usr/local/opt/llvm/lib -L/Users/oliver/cdflib -L/usr/local/lib/ -L/usr/local/lib/ -L. -search_paths_first -headerpad_max_install_names -v CMakeFiles/cmTC_62312.dir/CMakeCCompilerABI.c.o -lSystem /usr/local/Cellar/llvm/16.0.6/lib/clang/16/lib/darwin/libclang_rt.osx.a
@(#)PROGRAM:ld  PROJECT:ld64-820.1
BUILD 20:07:01 Nov  7 2022
configured to support archs: armv6 armv7 armv7s arm64 arm64e arm64_32 i386 x86_64 x86_64h armv6m armv7k armv7m armv7em
Library search paths:
	/usr/local/opt/llvm/lib
	/Users/oliver/cdflib
	/usr/local/lib/
	/usr/local/lib/
	.
	/Library/Developer/CommandLineTools/SDKs/MacOSX12.sdk/usr/lib
Framework search paths:
	/Library/Developer/CommandLineTools/SDKs/MacOSX12.sdk/System/Library/Frameworks/



Parsed C implicit include dir info from above output: rv=loading
  found start of include info
  warn: unable to parse implicit include dirs!


Parsed C implicit link information from above output:
  link line regex: [^( *|.*[/\])(ld|CMAKE_LINK_STARTFILE-NOTFOUND|([^/\]+-)?ld|collect2)[^/\]*( |$)]
  ignore line: [Change Dir: /Users/oliver/ClionProjects/testing/cmake-build-release/CMakeFiles/CMakeScratch/TryCompile-pedFUN]
  ignore line: []
  ignore line: [Run Build Command(s):/usr/bin/make -f Makefile cmTC_62312/fast && /Library/Developer/CommandLineTools/usr/bin/make  -f CMakeFiles/cmTC_62312.dir/build.make CMakeFiles/cmTC_62312.dir/build]
  ignore line: [Building C object CMakeFiles/cmTC_62312.dir/CMakeCCompilerABI.c.o]
  ignore line: [/usr/local/opt/llvm/bin/clang-16   -mmacosx-version-min=12.6 -fcolor-diagnostics   -v -Wl -v -MD -MT CMakeFiles/cmTC_62312.dir/CMakeCCompilerABI.c.o -MF CMakeFiles/cmTC_62312.dir/CMakeCCompilerABI.c.o.d -o CMakeFiles/cmTC_62312.dir/CMakeCCompilerABI.c.o -c /Applications/CLion.app/Contents/bin/cmake/mac/share/cmake-3.25/Modules/CMakeCCompilerABI.c]
  ignore line: [Homebrew clang version 16.0.6]
  ignore line: [Target: x86_64-apple-darwin21.6.0]
  ignore line: [Thread model: posix]
  ignore line: [InstalledDir: /usr/local/opt/llvm/bin]
  ignore line: [clang-16: [0;1;35mwarning: [0m[1m-Wl,-v: 'linker' input unused [-Wunused-command-line-argument][0m; (in-process); "/usr/local/Cellar/llvm/16.0.6/bin/clang-16" -cc1 -triple x86_64-apple-macosx12.6.0 -Wundef-prefix=TARGET_OS_ -Werror=undef-prefix -Wdeprecated-objc-isa-usage -Werror=deprecated-objc-isa-usage -emit-obj -mrelax-all -disable-free -clear-ast-before-backend -disable-llvm-verifier -discard-value-names -main-file-name CMakeCCompilerABI.c -mrelocation-model pic -pic-level 2 -mframe-pointer=all -ffp-contract=on -fno-rounding-math -funwind-tables=2 -fcompatibility-qualified-id-block-type-checking -fvisibility-inlines-hidden-static-local-var -target-cpu penryn -tune-cpu generic -mllvm -treat-scalable-fixed-error-as-warning -debugger-tuning=lldb -target-linker-version 820.1 -v -fcoverage-compilation-dir=/Users/oliver/ClionProjects/testing/cmake-build-release/CMakeFiles/CMakeScratch/TryCompile-pedFUN -resource-dir /usr/local/Cellar/llvm/16.0.6/lib/clang/16 -dependency-file CMakeFiles/cmTC_62312.dir/CMakeCCompilerABI.c.o.d -MT CMakeFiles/cmTC_62312.dir/CMakeCCompilerABI.c.o -sys-header-deps -isysroot /Library/Developer/CommandLineTools/SDKs/MacOSX12.sdk -c-isystem /usr/local/include/ -c-isystem /usr/local/include/ -c-isystem . -cxx-isystem /usr/local/include/ -cxx-isystem . -internal-isystem /Library/Developer/CommandLineTools/SDKs/MacOSX12.sdk/usr/local/include -internal-isystem /usr/local/Cellar/llvm/16.0.6/lib/clang/16/include -internal-externc-isystem /Library/Developer/CommandLineTools/SDKs/MacOSX12.sdk/usr/include -fdebug-compilation-dir=/Users/oliver/ClionProjects/testing/cmake-build-release/CMakeFiles/CMakeScratch/TryCompile-pedFUN -ferror-limit 19 -stack-protector 1 -fblocks -fencode-extended-block-signature -fregister-global-dtors-with-atexit -fgnuc-version=4.2.1 -fmax-type-align=16 -fcolor-diagnostics -D__GCC_HAVE_DWARF2_CFI_ASM=1 -o CMakeFiles/cmTC_62312.dir/CMakeCCompilerABI.c.o -x c /Applications/CLion.app/Contents/bin/cmake/mac/share/cmake-3.25/Modules/CMakeCCompilerABI.c;clang -cc1 version 16.0.6 based upon LLVM 16.0.6 default target x86_64-apple-darwin21.6.0;ignoring nonexistent directory "/Library/Developer/CommandLineTools/SDKs/MacOSX12.sdk/usr/local/include";ignoring nonexistent directory "/Library/Developer/CommandLineTools/SDKs/MacOSX12.sdk/Library/Frameworks";ignoring duplicate directory "/usr/local/include";#include "..." search starts here:;#include <...> search starts here:; /usr/local/include; .; /usr/local/Cellar/llvm/16.0.6/lib/clang/16/include; /Library/Developer/CommandLineTools/SDKs/MacOSX12.sdk/usr/include; /Library/Developer/CommandLineTools/SDKs/MacOSX12.sdk/System/Library/Frameworks (framework directory);End of search list.;Linking C executable cmTC_62312;/Applications/CLion.app/Contents/bin/cmake/mac/bin/cmake -E cmake_link_script CMakeFiles/cmTC_62312.dir/link.txt --verbose=1;/usr/local/opt/llvm/bin/clang-16  -mmacosx-version-min=12.6 -Wl,-search_paths_first -Wl,-headerpad_max_install_names -L/usr/local/opt/llvm/lib -v -Wl,-v CMakeFiles/cmTC_62312.dir/CMakeCCompilerABI.c.o -o cmTC_62312 ;Homebrew clang version 16.0.6;Target: x86_64-apple-darwin21.6.0;Thread model: posix;InstalledDir: /usr/local/opt/llvm/bin; "/usr/bin/ld" -demangle -lto_library /usr/local/Cellar/llvm/16.0.6/lib/libLTO.dylib -dynamic -arch x86_64 -platform_version macos 12.6.0 12.6.0 -syslibroot /Library/Developer/CommandLineTools/SDKs/MacOSX12.sdk -o cmTC_62312 -L/usr/local/opt/llvm/lib -L/Users/oliver/cdflib -L/usr/local/lib/ -L/usr/local/lib/ -L. -search_paths_first -headerpad_max_install_names -v CMakeFiles/cmTC_62312.dir/CMakeCCompilerABI.c.o -lSystem /usr/local/Cellar/llvm/16.0.6/lib/clang/16/lib/darwin/libclang_rt.osx.a;@(#)PROGRAM:ld  PROJECT:ld64-820.1;BUILD 20:07:01 Nov  7 2022;configured to support archs: armv6 armv7 armv7s arm64 arm64e arm64_32 i386 x86_64 x86_64h armv6m armv7k armv7m armv7em;Library search paths:;	/usr/local/opt/llvm/lib;	/Users/oliver/cdflib;	/usr/local/lib/;	/usr/local/lib/;	.;	/Library/Developer/CommandLineTools/SDKs/MacOSX12.sdk/usr/lib;Framework search paths:;	/Library/Developer/CommandLineTools/SDKs/MacOSX12.sdk/System/Library/Frameworks/;;]
  Library search paths: [;/usr/local/opt/llvm/lib;/Users/oliver/cdflib;/usr/local/lib/;/usr/local/lib/;.;/Library/Developer/CommandLineTools/SDKs/MacOSX12.sdk/usr/lib]
  Framework search paths: [;/Library/Developer/CommandLineTools/SDKs/MacOSX12.sdk/System/Library/Frameworks/]
  collapse library dir [/usr/local/opt/llvm/lib] ==> [/usr/local/opt/llvm/lib]
  collapse library dir [/Users/oliver/cdflib] ==> [/Users/oliver/cdflib]
  collapse library dir [/usr/local/lib/] ==> [/usr/local/lib]
  collapse library dir [/usr/local/lib/] ==> [/usr/local/lib]
  collapse library dir [.] ==> [/Users/oliver/ClionProjects/testing]
  collapse library dir [/Library/Developer/CommandLineTools/SDKs/MacOSX12.sdk/usr/lib] ==> [/Library/Developer/CommandLineTools/SDKs/MacOSX12.sdk/usr/lib]
  collapse framework dir [/Library/Developer/CommandLineTools/SDKs/MacOSX12.sdk/System/Library/Frameworks/] ==> [/Library/Developer/CommandLineTools/SDKs/MacOSX12.sdk/System/Library/Frameworks]
  implicit libs: []
  implicit objs: []
  implicit dirs: [/usr/local/opt/llvm/lib;/Users/oliver/cdflib;/usr/local/lib;/Users/oliver/ClionProjects/testing;/Library/Developer/CommandLineTools/SDKs/MacOSX12.sdk/usr/lib]
  implicit fwks: [/Library/Developer/CommandLineTools/SDKs/MacOSX12.sdk/System/Library/Frameworks]


Detecting CXX compiler ABI info compiled with the following output:
Change Dir: /Users/oliver/ClionProjects/testing/cmake-build-release/CMakeFiles/CMakeScratch/TryCompile-aBC7b5

Run Build Command(s):/usr/bin/make -f Makefile cmTC_5a8fc/fast && /Library/Developer/CommandLineTools/usr/bin/make  -f CMakeFiles/cmTC_5a8fc.dir/build.make CMakeFiles/cmTC_5a8fc.dir/build
Building CXX object CMakeFiles/cmTC_5a8fc.dir/CMakeCXXCompilerABI.cpp.o
/usr/local/opt/llvm/bin/clang++   -mmacosx-version-min=12.6 -fcolor-diagnostics   -v -Wl,-v -MD -MT CMakeFiles/cmTC_5a8fc.dir/CMakeCXXCompilerABI.cpp.o -MF CMakeFiles/cmTC_5a8fc.dir/CMakeCXXCompilerABI.cpp.o.d -o CMakeFiles/cmTC_5a8fc.dir/CMakeCXXCompilerABI.cpp.o -c /Applications/CLion.app/Contents/bin/cmake/mac/share/cmake-3.25/Modules/CMakeCXXCompilerABI.cpp
Homebrew clang version 16.0.6
Target: x86_64-apple-darwin21.6.0
Thread model: posix
InstalledDir: /usr/local/opt/llvm/bin
clang-16: [0;1;35mwarning: [0m[1m-Wl,-v: 'linker' input unused [-Wunused-command-line-argument][0m
 (in-process)
 "/usr/local/Cellar/llvm/16.0.6/bin/clang-16" -cc1 -triple x86_64-apple-macosx12.6.0 -Wundef-prefix=TARGET_OS_ -Werror=undef-prefix -Wdeprecated-objc-isa-usage -Werror=deprecated-objc-isa-usage -emit-obj -mrelax-all -disable-free -clear-ast-before-backend -disable-llvm-verifier -discard-value-names -main-file-name CMakeCXXCompilerABI.cpp -mrelocation-model pic -pic-level 2 -mframe-pointer=all -ffp-contract=on -fno-rounding-math -funwind-tables=2 -fcompatibility-qualified-id-block-type-checking -fvisibility-inlines-hidden-static-local-var -target-cpu penryn -tune-cpu generic -mllvm -treat-scalable-fixed-error-as-warning -debugger-tuning=lldb -target-linker-version 820.1 -v -fcoverage-compilation-dir=/Users/oliver/ClionProjects/testing/cmake-build-release/CMakeFiles/CMakeScratch/TryCompile-aBC7b5 -resource-dir /usr/local/Cellar/llvm/16.0.6/lib/clang/16 -dependency-file CMakeFiles/cmTC_5a8fc.dir/CMakeCXXCompilerABI.cpp.o.d -MT CMakeFiles/cmTC_5a8fc.dir/CMakeCXXCompilerABI.cpp.o -sys-header-deps -isysroot /Library/Developer/CommandLineTools/SDKs/MacOSX12.sdk -c-isystem /usr/local/include/ -c-isystem /usr/local/include/ -c-isystem . -cxx-isystem /usr/local/include/ -cxx-isystem . -internal-isystem /usr/local/opt/llvm/bin/../include/c++/v1 -internal-isystem /Library/Developer/CommandLineTools/SDKs/MacOSX12.sdk/usr/local/include -internal-isystem /usr/local/Cellar/llvm/16.0.6/lib/clang/16/include -internal-externc-isystem /Library/Developer/CommandLineTools/SDKs/MacOSX12.sdk/usr/include -fdeprecated-macro -fdebug-compilation-dir=/Users/oliver/ClionProjects/testing/cmake-build-release/CMakeFiles/CMakeScratch/TryCompile-aBC7b5 -ferror-limit 19 -stack-protector 1 -fblocks -fencode-extended-block-signature -fregister-global-dtors-with-atexit -fgnuc-version=4.2.1 -fcxx-exceptions -fexceptions -fmax-type-align=16 -fcolor-diagnostics -D__GCC_HAVE_DWARF2_CFI_ASM=1 -o CMakeFiles/cmTC_5a8fc.dir/CMakeCXXCompilerABI.cpp.o -x c++ /Applications/CLion.app/Contents/bin/cmake/mac/share/cmake-3.25/Modules/CMakeCXXCompilerABI.cpp
clang -cc1 version 16.0.6 based upon LLVM 16.0.6 default target x86_64-apple-darwin21.6.0
ignoring nonexistent directory "/Library/Developer/CommandLineTools/SDKs/MacOSX12.sdk/usr/local/include"
ignoring nonexistent directory "/Library/Developer/CommandLineTools/SDKs/MacOSX12.sdk/Library/Frameworks"
#include "..." search starts here:
#include <...> search starts here:
 /usr/local/include
 .
 /usr/local/opt/llvm/bin/../include/c++/v1
 /usr/local/Cellar/llvm/16.0.6/lib/clang/16/include
 /Library/Developer/CommandLineTools/SDKs/MacOSX12.sdk/usr/include
 /Library/Developer/CommandLineTools/SDKs/MacOSX12.sdk/System/Library/Frameworks (framework directory)
End of search list.
Linking CXX executable cmTC_5a8fc
/Applications/CLion.app/Contents/bin/cmake/mac/bin/cmake -E cmake_link_script CMakeFiles/cmTC_5a8fc.dir/link.txt --verbose=1
/usr/local/opt/llvm/bin/clang++  -mmacosx-version-min=12.6 -Wl,-search_paths_first -Wl,-headerpad_max_install_names -L/usr/local/opt/llvm/lib -v -Wl,-v CMakeFiles/cmTC_5a8fc.dir/CMakeCXXCompilerABI.cpp.o -o cmTC_5a8fc 
Homebrew clang version 16.0.6
Target: x86_64-apple-darwin21.6.0
Thread model: posix
InstalledDir: /usr/local/opt/llvm/bin
 "/usr/bin/ld" -demangle -lto_library /usr/local/Cellar/llvm/16.0.6/lib/libLTO.dylib -dynamic -arch x86_64 -platform_version macos 12.6.0 12.6.0 -syslibroot /Library/Developer/CommandLineTools/SDKs/MacOSX12.sdk -o cmTC_5a8fc -L/usr/local/opt/llvm/lib -L/Users/oliver/cdflib -L/usr/local/lib/ -L/usr/local/lib/ -L. -search_paths_first -headerpad_max_install_names -v CMakeFiles/cmTC_5a8fc.dir/CMakeCXXCompilerABI.cpp.o -lc++ -lSystem /usr/local/Cellar/llvm/16.0.6/lib/clang/16/lib/darwin/libclang_rt.osx.a
@(#)PROGRAM:ld  PROJECT:ld64-820.1
BUILD 20:07:01 Nov  7 2022
configured to support archs: armv6 armv7 armv7s arm64 arm64e arm64_32 i386 x86_64 x86_64h armv6m armv7k armv7m armv7em
Library search paths:
	/usr/local/opt/llvm/lib
	/Users/oliver/cdflib
	/usr/local/lib/
	/usr/local/lib/
	.
	/Library/Developer/CommandLineTools/SDKs/MacOSX12.sdk/usr/lib
Framework search paths:
	/Library/Developer/CommandLineTools/SDKs/MacOSX12.sdk/System/Library/Frameworks/



Parsed CXX implicit include dir info from above output: rv=loading
  found start of include info
  warn: unable to parse implicit include dirs!


Parsed CXX implicit link information from above output:
  link line regex: [^( *|.*[/\])(ld|CMAKE_LINK_STARTFILE-NOTFOUND|([^/\]+-)?ld|collect2)[^/\]*( |$)]
  ignore line: [Change Dir: /Users/oliver/ClionProjects/testing/cmake-build-release/CMakeFiles/CMakeScratch/TryCompile-aBC7b5]
  ignore line: []
  ignore line: [Run Build Command(s):/usr/bin/make -f Makefile cmTC_5a8fc/fast && /Library/Developer/CommandLineTools/usr/bin/make  -f CMakeFiles/cmTC_5a8fc.dir/build.make CMakeFiles/cmTC_5a8fc.dir/build]
  ignore line: [Building CXX object CMakeFiles/cmTC_5a8fc.dir/CMakeCXXCompilerABI.cpp.o]
  ignore line: [/usr/local/opt/llvm/bin/clang++   -mmacosx-version-min=12.6 -fcolor-diagnostics   -v -Wl -v -MD -MT CMakeFiles/cmTC_5a8fc.dir/CMakeCXXCompilerABI.cpp.o -MF CMakeFiles/cmTC_5a8fc.dir/CMakeCXXCompilerABI.cpp.o.d -o CMakeFiles/cmTC_5a8fc.dir/CMakeCXXCompilerABI.cpp.o -c /Applications/CLion.app/Contents/bin/cmake/mac/share/cmake-3.25/Modules/CMakeCXXCompilerABI.cpp]
  ignore line: [Homebrew clang version 16.0.6]
  ignore line: [Target: x86_64-apple-darwin21.6.0]
  ignore line: [Thread model: posix]
  ignore line: [InstalledDir: /usr/local/opt/llvm/bin]
  ignore line: [clang-16: [0;1;35mwarning: [0m[1m-Wl,-v: 'linker' input unused [-Wunused-command-line-argument][0m; (in-process); "/usr/local/Cellar/llvm/16.0.6/bin/clang-16" -cc1 -triple x86_64-apple-macosx12.6.0 -Wundef-prefix=TARGET_OS_ -Werror=undef-prefix -Wdeprecated-objc-isa-usage -Werror=deprecated-objc-isa-usage -emit-obj -mrelax-all -disable-free -clear-ast-before-backend -disable-llvm-verifier -discard-value-names -main-file-name CMakeCXXCompilerABI.cpp -mrelocation-model pic -pic-level 2 -mframe-pointer=all -ffp-contract=on -fno-rounding-math -funwind-tables=2 -fcompatibility-qualified-id-block-type-checking -fvisibility-inlines-hidden-static-local-var -target-cpu penryn -tune-cpu generic -mllvm -treat-scalable-fixed-error-as-warning -debugger-tuning=lldb -target-linker-version 820.1 -v -fcoverage-compilation-dir=/Users/oliver/ClionProjects/testing/cmake-build-release/CMakeFiles/CMakeScratch/TryCompile-aBC7b5 -resource-dir /usr/local/Cellar/llvm/16.0.6/lib/clang/16 -dependency-file CMakeFiles/cmTC_5a8fc.dir/CMakeCXXCompilerABI.cpp.o.d -MT CMakeFiles/cmTC_5a8fc.dir/CMakeCXXCompilerABI.cpp.o -sys-header-deps -isysroot /Library/Developer/CommandLineTools/SDKs/MacOSX12.sdk -c-isystem /usr/local/include/ -c-isystem /usr/local/include/ -c-isystem . -cxx-isystem /usr/local/include/ -cxx-isystem . -internal-isystem /usr/local/opt/llvm/bin/../include/c++/v1 -internal-isystem /Library/Developer/CommandLineTools/SDKs/MacOSX12.sdk/usr/local/include -internal-isystem /usr/local/Cellar/llvm/16.0.6/lib/clang/16/include -internal-externc-isystem /Library/Developer/CommandLineTools/SDKs/MacOSX12.sdk/usr/include -fdeprecated-macro -fdebug-compilation-dir=/Users/oliver/ClionProjects/testing/cmake-build-release/CMakeFiles/CMakeScratch/TryCompile-aBC7b5 -ferror-limit 19 -stack-protector 1 -fblocks -fencode-extended-block-signature -fregister-global-dtors-with-atexit -fgnuc-version=4.2.1 -fcxx-exceptions -fexceptions -fmax-type-align=16 -fcolor-diagnostics -D__GCC_HAVE_DWARF2_CFI_ASM=1 -o CMakeFiles/cmTC_5a8fc.dir/CMakeCXXCompilerABI.cpp.o -x c++ /Applications/CLion.app/Contents/bin/cmake/mac/share/cmake-3.25/Modules/CMakeCXXCompilerABI.cpp;clang -cc1 version 16.0.6 based upon LLVM 16.0.6 default target x86_64-apple-darwin21.6.0;ignoring nonexistent directory "/Library/Developer/CommandLineTools/SDKs/MacOSX12.sdk/usr/local/include";ignoring nonexistent directory "/Library/Developer/CommandLineTools/SDKs/MacOSX12.sdk/Library/Frameworks";#include "..." search starts here:;#include <...> search starts here:; /usr/local/include; .; /usr/local/opt/llvm/bin/../include/c++/v1; /usr/local/Cellar/llvm/16.0.6/lib/clang/16/include; /Library/Developer/CommandLineTools/SDKs/MacOSX12.sdk/usr/include; /Library/Developer/CommandLineTools/SDKs/MacOSX12.sdk/System/Library/Frameworks (framework directory);End of search list.;Linking CXX executable cmTC_5a8fc;/Applications/CLion.app/Contents/bin/cmake/mac/bin/cmake -E cmake_link_script CMakeFiles/cmTC_5a8fc.dir/link.txt --verbose=1;/usr/local/opt/llvm/bin/clang++  -mmacosx-version-min=12.6 -Wl,-search_paths_first -Wl,-headerpad_max_install_names -L/usr/local/opt/llvm/lib -v -Wl,-v CMakeFiles/cmTC_5a8fc.dir/CMakeCXXCompilerABI.cpp.o -o cmTC_5a8fc ;Homebrew clang version 16.0.6;Target: x86_64-apple-darwin21.6.0;Thread model: posix;InstalledDir: /usr/local/opt/llvm/bin; "/usr/bin/ld" -demangle -lto_library /usr/local/Cellar/llvm/16.0.6/lib/libLTO.dylib -dynamic -arch x86_64 -platform_version macos 12.6.0 12.6.0 -syslibroot /Library/Developer/CommandLineTools/SDKs/MacOSX12.sdk -o cmTC_5a8fc -L/usr/local/opt/llvm/lib -L/Users/oliver/cdflib -L/usr/local/lib/ -L/usr/local/lib/ -L. -search_paths_first -headerpad_max_install_names -v CMakeFiles/cmTC_5a8fc.dir/CMakeCXXCompilerABI.cpp.o -lc++ -lSystem /usr/local/Cellar/llvm/16.0.6/lib/clang/16/lib/darwin/libclang_rt.osx.a;@(#)PROGRAM:ld  PROJECT:ld64-820.1;BUILD 20:07:01 Nov  7 2022;configured to support archs: armv6 armv7 armv7s arm64 arm64e arm64_32 i386 x86_64 x86_64h armv6m armv7k armv7m armv7em;Library search paths:;	/usr/local/opt/llvm/lib;	/Users/oliver/cdflib;	/usr/local/lib/;	/usr/local/lib/;	.;	/Library/Developer/CommandLineTools/SDKs/MacOSX12.sdk/usr/lib;Framework search paths:;	/Library/Developer/CommandLineTools/SDKs/MacOSX12.sdk/System/Library/Frameworks/;;]
  Library search paths: [;/usr/local/opt/llvm/lib;/Users/oliver/cdflib;/usr/local/lib/;/usr/local/lib/;.;/Library/Developer/CommandLineTools/SDKs/MacOSX12.sdk/usr/lib]
  Framework search paths: [;/Library/Developer/CommandLineTools/SDKs/MacOSX12.sdk/System/Library/Frameworks/]
  collapse library dir [/usr/local/opt/llvm/lib] ==> [/usr/local/opt/llvm/lib]
  collapse library dir [/Users/oliver/cdflib] ==> [/Users/oliver/cdflib]
  collapse library dir [/usr/local/lib/] ==> [/usr/local/lib]
  collapse library dir [/usr/local/lib/] ==> [/usr/local/lib]
  collapse library dir [.] ==> [/Users/oliver/ClionProjects/testing]
  collapse library dir [/Library/Developer/CommandLineTools/SDKs/MacOSX12.sdk/usr/lib] ==> [/Library/Developer/CommandLineTools/SDKs/MacOSX12.sdk/usr/lib]
  collapse framework dir [/Library/Developer/CommandLineTools/SDKs/MacOSX12.sdk/System/Library/Frameworks/] ==> [/Library/Developer/CommandLineTools/SDKs/MacOSX12.sdk/System/Library/Frameworks]
  implicit libs: []
  implicit objs: []
  implicit dirs: [/usr/local/opt/llvm/lib;/Users/oliver/cdflib;/usr/local/lib;/Users/oliver/ClionProjects/testing;/Library/Developer/CommandLineTools/SDKs/MacOSX12.sdk/usr/lib]
  implicit fwks: [/Library/Developer/CommandLineTools/SDKs/MacOSX12.sdk/System/Library/Frameworks]


Performing C SOURCE FILE Test COMPILER_SUPPORTS_C2X succeeded with the following output:
Change Dir: /Users/oliver/ClionProjects/testing/cmake-build-release/CMakeFiles/CMakeScratch/TryCompile-bcncTc

Run Build Command(s):/usr/bin/make -f Makefile cmTC_2cc45/fast && /Library/Developer/CommandLineTools/usr/bin/make  -f CMakeFiles/cmTC_2cc45.dir/build.make CMakeFiles/cmTC_2cc45.dir/build
Building C object CMakeFiles/cmTC_2cc45.dir/src.c.o
/usr/local/opt/llvm/bin/clang-16 -DCOMPILER_SUPPORTS_C2X  -Wall -Wextra -Werror -Wattributes -Wunused-result -Wpedantic -pedantic -Wreserved-identifier -Wno-int-conversion -Wno-missing-field-initializers -Wno-unused-parameter -Wno-unused-variable -Wno-unused-function -Wno-incompatible-pointer-types  -mmacosx-version-min=12.6 -fcolor-diagnostics   -std=c2x -std=c2x -MD -MT CMakeFiles/cmTC_2cc45.dir/src.c.o -MF CMakeFiles/cmTC_2cc45.dir/src.c.o.d -o CMakeFiles/cmTC_2cc45.dir/src.c.o -c /Users/oliver/ClionProjects/testing/cmake-build-release/CMakeFiles/CMakeScratch/TryCompile-bcncTc/src.c
Linking C executable cmTC_2cc45
/Applications/CLion.app/Contents/bin/cmake/mac/bin/cmake -E cmake_link_script CMakeFiles/cmTC_2cc45.dir/link.txt --verbose=1
/usr/local/opt/llvm/bin/clang-16  -Wall -Wextra -Werror -Wattributes -Wunused-result -Wpedantic -pedantic -Wreserved-identifier -Wno-int-conversion -Wno-missing-field-initializers -Wno-unused-parameter -Wno-unused-variable -Wno-unused-function -Wno-incompatible-pointer-types  -mmacosx-version-min=12.6 -Wl,-search_paths_first -Wl,-headerpad_max_install_names -L/usr/local/opt/llvm/lib  CMakeFiles/cmTC_2cc45.dir/src.c.o -o cmTC_2cc45 


Source file was:
int main(void) { return 0; }

